INFO - 2023-06-01 00:39:11 --> Session: Class initialized using 'CodeIgniter\Session\Handlers\FileHandler' driver.
INFO - 2023-06-01 00:39:19 --> Session: Class initialized using 'CodeIgniter\Session\Handlers\FileHandler' driver.
INFO - 2023-06-01 00:39:28 --> CSRF token verified.
INFO - 2023-06-01 00:39:28 --> Session: Class initialized using 'CodeIgniter\Session\Handlers\FileHandler' driver.
INFO - 2023-06-01 00:39:28 --> Session: Class initialized using 'CodeIgniter\Session\Handlers\FileHandler' driver.
INFO - 2023-06-01 00:39:32 --> Session: Class initialized using 'CodeIgniter\Session\Handlers\FileHandler' driver.
INFO - 2023-06-01 00:39:40 --> Session: Class initialized using 'CodeIgniter\Session\Handlers\FileHandler' driver.
CRITICAL - 2023-06-01 00:39:40 --> Undefined property: stdClass::$id_buku
in APPPATH\Views\pinjam\index.php on line 49.
 1 APPPATH\Views\pinjam\index.php(49): CodeIgniter\Debug\Exceptions->errorHandler()
 2 SYSTEMPATH\View\View.php(213): include('C:\\MAMP\\htdocs\\perpus\\app\\Views\\pinjam\\index.php')
 3 SYSTEMPATH\View\View.php(216): CodeIgniter\View\View->CodeIgniter\View\{closure}()
 4 SYSTEMPATH\Common.php(1184): CodeIgniter\View\View->render()
 5 APPPATH\Controllers\Pinjam.php(66): view()
 6 SYSTEMPATH\CodeIgniter.php(934): App\Controllers\Pinjam->index()
 7 SYSTEMPATH\CodeIgniter.php(499): CodeIgniter\CodeIgniter->runController()
 8 SYSTEMPATH\CodeIgniter.php(368): CodeIgniter\CodeIgniter->handleRequest()
 9 FCPATH\index.php(67): CodeIgniter\CodeIgniter->run()
10 SYSTEMPATH\Commands\Server\rewrite.php(47): require_once('C:\\MAMP\\htdocs\\perpus\\public\\index.php')
INFO - 2023-06-01 00:40:44 --> Session: Class initialized using 'CodeIgniter\Session\Handlers\FileHandler' driver.
CRITICAL - 2023-06-01 00:40:44 --> Undefined property: stdClass::$sampul
in APPPATH\Views\pinjam\index.php on line 56.
 1 APPPATH\Views\pinjam\index.php(56): CodeIgniter\Debug\Exceptions->errorHandler()
 2 SYSTEMPATH\View\View.php(213): include('C:\\MAMP\\htdocs\\perpus\\app\\Views\\pinjam\\index.php')
 3 SYSTEMPATH\View\View.php(216): CodeIgniter\View\View->CodeIgniter\View\{closure}()
 4 SYSTEMPATH\Common.php(1184): CodeIgniter\View\View->render()
 5 APPPATH\Controllers\Pinjam.php(66): view()
 6 SYSTEMPATH\CodeIgniter.php(934): App\Controllers\Pinjam->index()
 7 SYSTEMPATH\CodeIgniter.php(499): CodeIgniter\CodeIgniter->runController()
 8 SYSTEMPATH\CodeIgniter.php(368): CodeIgniter\CodeIgniter->handleRequest()
 9 FCPATH\index.php(67): CodeIgniter\CodeIgniter->run()
10 SYSTEMPATH\Commands\Server\rewrite.php(47): require_once('C:\\MAMP\\htdocs\\perpus\\public\\index.php')
INFO - 2023-06-01 00:41:01 --> Session: Class initialized using 'CodeIgniter\Session\Handlers\FileHandler' driver.
CRITICAL - 2023-06-01 00:41:01 --> Undefined property: stdClass::$sampul
in APPPATH\Views\pinjam\index.php on line 56.
 1 APPPATH\Views\pinjam\index.php(56): CodeIgniter\Debug\Exceptions->errorHandler()
 2 SYSTEMPATH\View\View.php(213): include('C:\\MAMP\\htdocs\\perpus\\app\\Views\\pinjam\\index.php')
 3 SYSTEMPATH\View\View.php(216): CodeIgniter\View\View->CodeIgniter\View\{closure}()
 4 SYSTEMPATH\Common.php(1184): CodeIgniter\View\View->render()
 5 APPPATH\Controllers\Pinjam.php(66): view()
 6 SYSTEMPATH\CodeIgniter.php(934): App\Controllers\Pinjam->index()
 7 SYSTEMPATH\CodeIgniter.php(499): CodeIgniter\CodeIgniter->runController()
 8 SYSTEMPATH\CodeIgniter.php(368): CodeIgniter\CodeIgniter->handleRequest()
 9 FCPATH\index.php(67): CodeIgniter\CodeIgniter->run()
10 SYSTEMPATH\Commands\Server\rewrite.php(47): require_once('C:\\MAMP\\htdocs\\perpus\\public\\index.php')
INFO - 2023-06-01 00:41:08 --> Session: Class initialized using 'CodeIgniter\Session\Handlers\FileHandler' driver.
CRITICAL - 2023-06-01 00:41:08 --> Undefined property: stdClass::$tgl_pinjam
in APPPATH\Views\pinjam\index.php on line 52.
 1 APPPATH\Views\pinjam\index.php(52): CodeIgniter\Debug\Exceptions->errorHandler()
 2 SYSTEMPATH\View\View.php(213): include('C:\\MAMP\\htdocs\\perpus\\app\\Views\\pinjam\\index.php')
 3 SYSTEMPATH\View\View.php(216): CodeIgniter\View\View->CodeIgniter\View\{closure}()
 4 SYSTEMPATH\Common.php(1184): CodeIgniter\View\View->render()
 5 APPPATH\Controllers\Pinjam.php(66): view()
 6 SYSTEMPATH\CodeIgniter.php(934): App\Controllers\Pinjam->index()
 7 SYSTEMPATH\CodeIgniter.php(499): CodeIgniter\CodeIgniter->runController()
 8 SYSTEMPATH\CodeIgniter.php(368): CodeIgniter\CodeIgniter->handleRequest()
 9 FCPATH\index.php(67): CodeIgniter\CodeIgniter->run()
10 SYSTEMPATH\Commands\Server\rewrite.php(47): require_once('C:\\MAMP\\htdocs\\perpus\\public\\index.php')
INFO - 2023-06-01 00:41:54 --> Session: Class initialized using 'CodeIgniter\Session\Handlers\FileHandler' driver.
INFO - 2023-06-01 00:41:57 --> Session: Class initialized using 'CodeIgniter\Session\Handlers\FileHandler' driver.
INFO - 2023-06-01 00:42:01 --> Session: Class initialized using 'CodeIgniter\Session\Handlers\FileHandler' driver.
INFO - 2023-06-01 00:42:04 --> Session: Class initialized using 'CodeIgniter\Session\Handlers\FileHandler' driver.
CRITICAL - 2023-06-01 00:42:04 --> Undefined property: stdClass::$buku
in APPPATH\Views\pinjam\index.php on line 49.
 1 APPPATH\Views\pinjam\index.php(49): CodeIgniter\Debug\Exceptions->errorHandler()
 2 SYSTEMPATH\View\View.php(213): include('C:\\MAMP\\htdocs\\perpus\\app\\Views\\pinjam\\index.php')
 3 SYSTEMPATH\View\View.php(216): CodeIgniter\View\View->CodeIgniter\View\{closure}()
 4 SYSTEMPATH\Common.php(1184): CodeIgniter\View\View->render()
 5 APPPATH\Controllers\Pinjam.php(66): view()
 6 SYSTEMPATH\CodeIgniter.php(934): App\Controllers\Pinjam->index()
 7 SYSTEMPATH\CodeIgniter.php(499): CodeIgniter\CodeIgniter->runController()
 8 SYSTEMPATH\CodeIgniter.php(368): CodeIgniter\CodeIgniter->handleRequest()
 9 FCPATH\index.php(67): CodeIgniter\CodeIgniter->run()
10 SYSTEMPATH\Commands\Server\rewrite.php(47): require_once('C:\\MAMP\\htdocs\\perpus\\public\\index.php')
INFO - 2023-06-01 00:42:05 --> Session: Class initialized using 'CodeIgniter\Session\Handlers\FileHandler' driver.
INFO - 2023-06-01 00:42:21 --> Session: Class initialized using 'CodeIgniter\Session\Handlers\FileHandler' driver.
INFO - 2023-06-01 01:12:45 --> Session: Class initialized using 'CodeIgniter\Session\Handlers\FileHandler' driver.
INFO - 2023-06-01 01:13:13 --> Session: Class initialized using 'CodeIgniter\Session\Handlers\FileHandler' driver.
INFO - 2023-06-01 01:13:13 --> CSRF token verified.
INFO - 2023-06-01 01:13:13 --> Session: Class initialized using 'CodeIgniter\Session\Handlers\FileHandler' driver.
INFO - 2023-06-01 01:15:34 --> Session: Class initialized using 'CodeIgniter\Session\Handlers\FileHandler' driver.
INFO - 2023-06-01 01:16:20 --> Session: Class initialized using 'CodeIgniter\Session\Handlers\FileHandler' driver.
INFO - 2023-06-01 01:17:09 --> Session: Class initialized using 'CodeIgniter\Session\Handlers\FileHandler' driver.
INFO - 2023-06-01 01:17:13 --> Session: Class initialized using 'CodeIgniter\Session\Handlers\FileHandler' driver.
INFO - 2023-06-01 01:18:05 --> Session: Class initialized using 'CodeIgniter\Session\Handlers\FileHandler' driver.
CRITICAL - 2023-06-01 01:18:05 --> The action you requested is not allowed.
in SYSTEMPATH\Security\Security.php on line 306.
 1 SYSTEMPATH\Security\Security.php(306): CodeIgniter\Security\Exceptions\SecurityException::forDisallowedAction()
 2 SYSTEMPATH\Filters\CSRF.php(55): CodeIgniter\Security\Security->verify()
 3 SYSTEMPATH\Filters\Filters.php(173): CodeIgniter\Filters\CSRF->before()
 4 SYSTEMPATH\CodeIgniter.php(473): CodeIgniter\Filters\Filters->run()
 5 SYSTEMPATH\CodeIgniter.php(368): CodeIgniter\CodeIgniter->handleRequest()
 6 FCPATH\index.php(67): CodeIgniter\CodeIgniter->run()
 7 SYSTEMPATH\Commands\Server\rewrite.php(47): require_once('C:\\MAMP\\htdocs\\perpus\\public\\index.php')
INFO - 2023-06-01 01:18:10 --> Session: Class initialized using 'CodeIgniter\Session\Handlers\FileHandler' driver.
INFO - 2023-06-01 01:18:13 --> Session: Class initialized using 'CodeIgniter\Session\Handlers\FileHandler' driver.
INFO - 2023-06-01 02:22:06 --> Session: Class initialized using 'CodeIgniter\Session\Handlers\FileHandler' driver.
INFO - 2023-06-01 02:22:40 --> Session: Class initialized using 'CodeIgniter\Session\Handlers\FileHandler' driver.
INFO - 2023-06-01 02:24:37 --> Session: Class initialized using 'CodeIgniter\Session\Handlers\FileHandler' driver.
INFO - 2023-06-01 02:31:49 --> Session: Class initialized using 'CodeIgniter\Session\Handlers\FileHandler' driver.
CRITICAL - 2023-06-01 02:31:50 --> Undefined variable $hargaId
in APPPATH\Views\pinjam\pinjam_views.php on line 46.
 1 APPPATH\Views\pinjam\pinjam_views.php(46): CodeIgniter\Debug\Exceptions->errorHandler()
 2 SYSTEMPATH\View\View.php(213): include('C:\\MAMP\\htdocs\\perpus\\app\\Views\\pinjam\\pinjam_views.php')
 3 SYSTEMPATH\View\View.php(216): CodeIgniter\View\View->CodeIgniter\View\{closure}()
 4 SYSTEMPATH\Common.php(1184): CodeIgniter\View\View->render()
 5 APPPATH\Controllers\Pinjam.php(621): view()
 6 SYSTEMPATH\CodeIgniter.php(934): App\Controllers\Pinjam->pinjam_views()
 7 SYSTEMPATH\CodeIgniter.php(499): CodeIgniter\CodeIgniter->runController()
 8 SYSTEMPATH\CodeIgniter.php(368): CodeIgniter\CodeIgniter->handleRequest()
 9 FCPATH\index.php(67): CodeIgniter\CodeIgniter->run()
10 SYSTEMPATH\Commands\Server\rewrite.php(47): require_once('C:\\MAMP\\htdocs\\perpus\\public\\index.php')
INFO - 2023-06-01 02:32:02 --> Session: Class initialized using 'CodeIgniter\Session\Handlers\FileHandler' driver.
CRITICAL - 2023-06-01 02:32:02 --> Undefined variable $hargaId
in APPPATH\Views\pinjam\pinjam_views.php on line 46.
 1 APPPATH\Views\pinjam\pinjam_views.php(46): CodeIgniter\Debug\Exceptions->errorHandler()
 2 SYSTEMPATH\View\View.php(213): include('C:\\MAMP\\htdocs\\perpus\\app\\Views\\pinjam\\pinjam_views.php')
 3 SYSTEMPATH\View\View.php(216): CodeIgniter\View\View->CodeIgniter\View\{closure}()
 4 SYSTEMPATH\Common.php(1184): CodeIgniter\View\View->render()
 5 APPPATH\Controllers\Pinjam.php(621): view()
 6 SYSTEMPATH\CodeIgniter.php(934): App\Controllers\Pinjam->pinjam_views()
 7 SYSTEMPATH\CodeIgniter.php(499): CodeIgniter\CodeIgniter->runController()
 8 SYSTEMPATH\CodeIgniter.php(368): CodeIgniter\CodeIgniter->handleRequest()
 9 FCPATH\index.php(67): CodeIgniter\CodeIgniter->run()
10 SYSTEMPATH\Commands\Server\rewrite.php(47): require_once('C:\\MAMP\\htdocs\\perpus\\public\\index.php')
INFO - 2023-06-01 03:22:20 --> Session: Class initialized using 'CodeIgniter\Session\Handlers\FileHandler' driver.
CRITICAL - 2023-06-01 03:22:20 --> Undefined variable $hargaId
in APPPATH\Views\pinjam\pinjam_views.php on line 46.
 1 APPPATH\Views\pinjam\pinjam_views.php(46): CodeIgniter\Debug\Exceptions->errorHandler()
 2 SYSTEMPATH\View\View.php(213): include('C:\\MAMP\\htdocs\\perpus\\app\\Views\\pinjam\\pinjam_views.php')
 3 SYSTEMPATH\View\View.php(216): CodeIgniter\View\View->CodeIgniter\View\{closure}()
 4 SYSTEMPATH\Common.php(1184): CodeIgniter\View\View->render()
 5 APPPATH\Controllers\Pinjam.php(621): view()
 6 SYSTEMPATH\CodeIgniter.php(934): App\Controllers\Pinjam->pinjam_views()
 7 SYSTEMPATH\CodeIgniter.php(499): CodeIgniter\CodeIgniter->runController()
 8 SYSTEMPATH\CodeIgniter.php(368): CodeIgniter\CodeIgniter->handleRequest()
 9 FCPATH\index.php(67): CodeIgniter\CodeIgniter->run()
10 SYSTEMPATH\Commands\Server\rewrite.php(47): require_once('C:\\MAMP\\htdocs\\perpus\\public\\index.php')
INFO - 2023-06-01 03:22:22 --> Session: Class initialized using 'CodeIgniter\Session\Handlers\FileHandler' driver.
CRITICAL - 2023-06-01 03:22:22 --> Undefined variable $hargaId
in APPPATH\Views\pinjam\pinjam_views.php on line 46.
 1 APPPATH\Views\pinjam\pinjam_views.php(46): CodeIgniter\Debug\Exceptions->errorHandler()
 2 SYSTEMPATH\View\View.php(213): include('C:\\MAMP\\htdocs\\perpus\\app\\Views\\pinjam\\pinjam_views.php')
 3 SYSTEMPATH\View\View.php(216): CodeIgniter\View\View->CodeIgniter\View\{closure}()
 4 SYSTEMPATH\Common.php(1184): CodeIgniter\View\View->render()
 5 APPPATH\Controllers\Pinjam.php(621): view()
 6 SYSTEMPATH\CodeIgniter.php(934): App\Controllers\Pinjam->pinjam_views()
 7 SYSTEMPATH\CodeIgniter.php(499): CodeIgniter\CodeIgniter->runController()
 8 SYSTEMPATH\CodeIgniter.php(368): CodeIgniter\CodeIgniter->handleRequest()
 9 FCPATH\index.php(67): CodeIgniter\CodeIgniter->run()
10 SYSTEMPATH\Commands\Server\rewrite.php(47): require_once('C:\\MAMP\\htdocs\\perpus\\public\\index.php')
INFO - 2023-06-01 03:23:51 --> Session: Class initialized using 'CodeIgniter\Session\Handlers\FileHandler' driver.
CRITICAL - 2023-06-01 03:23:51 --> Undefined variable $hargaId
in APPPATH\Views\pinjam\pinjam_views.php on line 46.
 1 APPPATH\Views\pinjam\pinjam_views.php(46): CodeIgniter\Debug\Exceptions->errorHandler()
 2 SYSTEMPATH\View\View.php(213): include('C:\\MAMP\\htdocs\\perpus\\app\\Views\\pinjam\\pinjam_views.php')
 3 SYSTEMPATH\View\View.php(216): CodeIgniter\View\View->CodeIgniter\View\{closure}()
 4 SYSTEMPATH\Common.php(1184): CodeIgniter\View\View->render()
 5 APPPATH\Controllers\Pinjam.php(617): view()
 6 SYSTEMPATH\CodeIgniter.php(934): App\Controllers\Pinjam->pinjam_views()
 7 SYSTEMPATH\CodeIgniter.php(499): CodeIgniter\CodeIgniter->runController()
 8 SYSTEMPATH\CodeIgniter.php(368): CodeIgniter\CodeIgniter->handleRequest()
 9 FCPATH\index.php(67): CodeIgniter\CodeIgniter->run()
10 SYSTEMPATH\Commands\Server\rewrite.php(47): require_once('C:\\MAMP\\htdocs\\perpus\\public\\index.php')
INFO - 2023-06-01 03:23:51 --> Session: Class initialized using 'CodeIgniter\Session\Handlers\FileHandler' driver.
CRITICAL - 2023-06-01 03:23:52 --> Undefined variable $hargaId
in APPPATH\Views\pinjam\pinjam_views.php on line 46.
 1 APPPATH\Views\pinjam\pinjam_views.php(46): CodeIgniter\Debug\Exceptions->errorHandler()
 2 SYSTEMPATH\View\View.php(213): include('C:\\MAMP\\htdocs\\perpus\\app\\Views\\pinjam\\pinjam_views.php')
 3 SYSTEMPATH\View\View.php(216): CodeIgniter\View\View->CodeIgniter\View\{closure}()
 4 SYSTEMPATH\Common.php(1184): CodeIgniter\View\View->render()
 5 APPPATH\Controllers\Pinjam.php(617): view()
 6 SYSTEMPATH\CodeIgniter.php(934): App\Controllers\Pinjam->pinjam_views()
 7 SYSTEMPATH\CodeIgniter.php(499): CodeIgniter\CodeIgniter->runController()
 8 SYSTEMPATH\CodeIgniter.php(368): CodeIgniter\CodeIgniter->handleRequest()
 9 FCPATH\index.php(67): CodeIgniter\CodeIgniter->run()
10 SYSTEMPATH\Commands\Server\rewrite.php(47): require_once('C:\\MAMP\\htdocs\\perpus\\public\\index.php')
INFO - 2023-06-01 03:23:52 --> Session: Class initialized using 'CodeIgniter\Session\Handlers\FileHandler' driver.
CRITICAL - 2023-06-01 03:23:52 --> Undefined variable $hargaId
in APPPATH\Views\pinjam\pinjam_views.php on line 46.
 1 APPPATH\Views\pinjam\pinjam_views.php(46): CodeIgniter\Debug\Exceptions->errorHandler()
 2 SYSTEMPATH\View\View.php(213): include('C:\\MAMP\\htdocs\\perpus\\app\\Views\\pinjam\\pinjam_views.php')
 3 SYSTEMPATH\View\View.php(216): CodeIgniter\View\View->CodeIgniter\View\{closure}()
 4 SYSTEMPATH\Common.php(1184): CodeIgniter\View\View->render()
 5 APPPATH\Controllers\Pinjam.php(617): view()
 6 SYSTEMPATH\CodeIgniter.php(934): App\Controllers\Pinjam->pinjam_views()
 7 SYSTEMPATH\CodeIgniter.php(499): CodeIgniter\CodeIgniter->runController()
 8 SYSTEMPATH\CodeIgniter.php(368): CodeIgniter\CodeIgniter->handleRequest()
 9 FCPATH\index.php(67): CodeIgniter\CodeIgniter->run()
10 SYSTEMPATH\Commands\Server\rewrite.php(47): require_once('C:\\MAMP\\htdocs\\perpus\\public\\index.php')
INFO - 2023-06-01 03:23:52 --> Session: Class initialized using 'CodeIgniter\Session\Handlers\FileHandler' driver.
CRITICAL - 2023-06-01 03:23:52 --> Undefined variable $hargaId
in APPPATH\Views\pinjam\pinjam_views.php on line 46.
 1 APPPATH\Views\pinjam\pinjam_views.php(46): CodeIgniter\Debug\Exceptions->errorHandler()
 2 SYSTEMPATH\View\View.php(213): include('C:\\MAMP\\htdocs\\perpus\\app\\Views\\pinjam\\pinjam_views.php')
 3 SYSTEMPATH\View\View.php(216): CodeIgniter\View\View->CodeIgniter\View\{closure}()
 4 SYSTEMPATH\Common.php(1184): CodeIgniter\View\View->render()
 5 APPPATH\Controllers\Pinjam.php(617): view()
 6 SYSTEMPATH\CodeIgniter.php(934): App\Controllers\Pinjam->pinjam_views()
 7 SYSTEMPATH\CodeIgniter.php(499): CodeIgniter\CodeIgniter->runController()
 8 SYSTEMPATH\CodeIgniter.php(368): CodeIgniter\CodeIgniter->handleRequest()
 9 FCPATH\index.php(67): CodeIgniter\CodeIgniter->run()
10 SYSTEMPATH\Commands\Server\rewrite.php(47): require_once('C:\\MAMP\\htdocs\\perpus\\public\\index.php')
INFO - 2023-06-01 03:23:53 --> Session: Class initialized using 'CodeIgniter\Session\Handlers\FileHandler' driver.
CRITICAL - 2023-06-01 03:23:53 --> Undefined variable $hargaId
in APPPATH\Views\pinjam\pinjam_views.php on line 46.
 1 APPPATH\Views\pinjam\pinjam_views.php(46): CodeIgniter\Debug\Exceptions->errorHandler()
 2 SYSTEMPATH\View\View.php(213): include('C:\\MAMP\\htdocs\\perpus\\app\\Views\\pinjam\\pinjam_views.php')
 3 SYSTEMPATH\View\View.php(216): CodeIgniter\View\View->CodeIgniter\View\{closure}()
 4 SYSTEMPATH\Common.php(1184): CodeIgniter\View\View->render()
 5 APPPATH\Controllers\Pinjam.php(617): view()
 6 SYSTEMPATH\CodeIgniter.php(934): App\Controllers\Pinjam->pinjam_views()
 7 SYSTEMPATH\CodeIgniter.php(499): CodeIgniter\CodeIgniter->runController()
 8 SYSTEMPATH\CodeIgniter.php(368): CodeIgniter\CodeIgniter->handleRequest()
 9 FCPATH\index.php(67): CodeIgniter\CodeIgniter->run()
10 SYSTEMPATH\Commands\Server\rewrite.php(47): require_once('C:\\MAMP\\htdocs\\perpus\\public\\index.php')
INFO - 2023-06-01 03:26:35 --> Session: Class initialized using 'CodeIgniter\Session\Handlers\FileHandler' driver.
CRITICAL - 2023-06-01 03:26:35 --> Cannot use object of type Myth\Auth\Entities\User as array
in APPPATH\Views\pinjam\pinjam_views.php on line 48.
 1 SYSTEMPATH\View\View.php(213): include()
 2 SYSTEMPATH\View\View.php(216): CodeIgniter\View\View->CodeIgniter\View\{closure}()
 3 SYSTEMPATH\Common.php(1184): CodeIgniter\View\View->render()
 4 APPPATH\Controllers\Pinjam.php(646): view()
 5 SYSTEMPATH\CodeIgniter.php(934): App\Controllers\Pinjam->pinjam_views()
 6 SYSTEMPATH\CodeIgniter.php(499): CodeIgniter\CodeIgniter->runController()
 7 SYSTEMPATH\CodeIgniter.php(368): CodeIgniter\CodeIgniter->handleRequest()
 8 FCPATH\index.php(67): CodeIgniter\CodeIgniter->run()
 9 SYSTEMPATH\Commands\Server\rewrite.php(47): require_once('C:\\MAMP\\htdocs\\perpus\\public\\index.php')
INFO - 2023-06-01 03:26:56 --> Session: Class initialized using 'CodeIgniter\Session\Handlers\FileHandler' driver.
INFO - 2023-06-01 03:27:10 --> Session: Class initialized using 'CodeIgniter\Session\Handlers\FileHandler' driver.
INFO - 2023-06-01 03:27:35 --> Session: Class initialized using 'CodeIgniter\Session\Handlers\FileHandler' driver.
INFO - 2023-06-01 03:27:46 --> Session: Class initialized using 'CodeIgniter\Session\Handlers\FileHandler' driver.
INFO - 2023-06-01 03:27:51 --> Session: Class initialized using 'CodeIgniter\Session\Handlers\FileHandler' driver.
INFO - 2023-06-01 03:28:05 --> Session: Class initialized using 'CodeIgniter\Session\Handlers\FileHandler' driver.
INFO - 2023-06-01 03:30:26 --> Session: Class initialized using 'CodeIgniter\Session\Handlers\FileHandler' driver.
INFO - 2023-06-01 03:30:42 --> Session: Class initialized using 'CodeIgniter\Session\Handlers\FileHandler' driver.
INFO - 2023-06-01 03:30:42 --> CSRF token verified.
INFO - 2023-06-01 03:30:42 --> Session: Class initialized using 'CodeIgniter\Session\Handlers\FileHandler' driver.
INFO - 2023-06-01 03:31:10 --> Session: Class initialized using 'CodeIgniter\Session\Handlers\FileHandler' driver.
INFO - 2023-06-01 03:31:10 --> CSRF token verified.
INFO - 2023-06-01 03:31:10 --> Session: Class initialized using 'CodeIgniter\Session\Handlers\FileHandler' driver.
INFO - 2023-06-01 03:31:23 --> Session: Class initialized using 'CodeIgniter\Session\Handlers\FileHandler' driver.
INFO - 2023-06-01 03:31:23 --> CSRF token verified.
INFO - 2023-06-01 03:31:24 --> Session: Class initialized using 'CodeIgniter\Session\Handlers\FileHandler' driver.
INFO - 2023-06-01 03:35:58 --> Session: Class initialized using 'CodeIgniter\Session\Handlers\FileHandler' driver.
INFO - 2023-06-01 03:42:59 --> Session: Class initialized using 'CodeIgniter\Session\Handlers\FileHandler' driver.
INFO - 2023-06-01 03:43:10 --> Session: Class initialized using 'CodeIgniter\Session\Handlers\FileHandler' driver.
INFO - 2023-06-01 03:43:23 --> Session: Class initialized using 'CodeIgniter\Session\Handlers\FileHandler' driver.
INFO - 2023-06-01 03:43:32 --> Session: Class initialized using 'CodeIgniter\Session\Handlers\FileHandler' driver.
INFO - 2023-06-01 03:44:49 --> Session: Class initialized using 'CodeIgniter\Session\Handlers\FileHandler' driver.
INFO - 2023-06-01 03:44:58 --> Session: Class initialized using 'CodeIgniter\Session\Handlers\FileHandler' driver.
INFO - 2023-06-01 03:44:58 --> CSRF token verified.
INFO - 2023-06-01 03:44:58 --> Session: Class initialized using 'CodeIgniter\Session\Handlers\FileHandler' driver.
INFO - 2023-06-01 03:45:05 --> Session: Class initialized using 'CodeIgniter\Session\Handlers\FileHandler' driver.
INFO - 2023-06-01 03:45:05 --> CSRF token verified.
INFO - 2023-06-01 03:45:05 --> Session: Class initialized using 'CodeIgniter\Session\Handlers\FileHandler' driver.
INFO - 2023-06-01 03:49:28 --> Session: Class initialized using 'CodeIgniter\Session\Handlers\FileHandler' driver.
INFO - 2023-06-01 03:49:35 --> Session: Class initialized using 'CodeIgniter\Session\Handlers\FileHandler' driver.
INFO - 2023-06-01 03:49:35 --> CSRF token verified.
INFO - 2023-06-01 03:49:35 --> Session: Class initialized using 'CodeIgniter\Session\Handlers\FileHandler' driver.
INFO - 2023-06-01 04:02:13 --> Session: Class initialized using 'CodeIgniter\Session\Handlers\FileHandler' driver.
INFO - 2023-06-01 04:02:13 --> CSRF token verified.
INFO - 2023-06-01 04:02:13 --> Session: Class initialized using 'CodeIgniter\Session\Handlers\FileHandler' driver.
INFO - 2023-06-01 04:02:15 --> Session: Class initialized using 'CodeIgniter\Session\Handlers\FileHandler' driver.
INFO - 2023-06-01 04:02:20 --> Session: Class initialized using 'CodeIgniter\Session\Handlers\FileHandler' driver.
INFO - 2023-06-01 04:02:20 --> CSRF token verified.
INFO - 2023-06-01 04:02:20 --> Session: Class initialized using 'CodeIgniter\Session\Handlers\FileHandler' driver.
INFO - 2023-06-01 04:02:22 --> Session: Class initialized using 'CodeIgniter\Session\Handlers\FileHandler' driver.
INFO - 2023-06-01 04:03:36 --> Session: Class initialized using 'CodeIgniter\Session\Handlers\FileHandler' driver.
INFO - 2023-06-01 04:03:38 --> Session: Class initialized using 'CodeIgniter\Session\Handlers\FileHandler' driver.
INFO - 2023-06-01 04:04:06 --> Session: Class initialized using 'CodeIgniter\Session\Handlers\FileHandler' driver.
INFO - 2023-06-01 04:04:07 --> CSRF token verified.
INFO - 2023-06-01 04:04:07 --> Session: Class initialized using 'CodeIgniter\Session\Handlers\FileHandler' driver.
INFO - 2023-06-01 04:08:08 --> Session: Class initialized using 'CodeIgniter\Session\Handlers\FileHandler' driver.
CRITICAL - 2023-06-01 04:08:08 --> Undefined property: stdClass::$buku
in APPPATH\Views\pinjam\index.php on line 49.
 1 APPPATH\Views\pinjam\index.php(49): CodeIgniter\Debug\Exceptions->errorHandler()
 2 SYSTEMPATH\View\View.php(213): include('C:\\MAMP\\htdocs\\perpus\\app\\Views\\pinjam\\index.php')
 3 SYSTEMPATH\View\View.php(216): CodeIgniter\View\View->CodeIgniter\View\{closure}()
 4 SYSTEMPATH\Common.php(1184): CodeIgniter\View\View->render()
 5 APPPATH\Controllers\Pinjam.php(66): view()
 6 SYSTEMPATH\CodeIgniter.php(934): App\Controllers\Pinjam->index()
 7 SYSTEMPATH\CodeIgniter.php(499): CodeIgniter\CodeIgniter->runController()
 8 SYSTEMPATH\CodeIgniter.php(368): CodeIgniter\CodeIgniter->handleRequest()
 9 FCPATH\index.php(67): CodeIgniter\CodeIgniter->run()
10 SYSTEMPATH\Commands\Server\rewrite.php(47): require_once('C:\\MAMP\\htdocs\\perpus\\public\\index.php')
INFO - 2023-06-01 04:08:13 --> Session: Class initialized using 'CodeIgniter\Session\Handlers\FileHandler' driver.
CRITICAL - 2023-06-01 04:08:13 --> Cannot use object of type Myth\Auth\Entities\User as array
in APPPATH\Views\pinjam\pinjam_views.php on line 38.
 1 SYSTEMPATH\View\View.php(213): include()
 2 SYSTEMPATH\View\View.php(216): CodeIgniter\View\View->CodeIgniter\View\{closure}()
 3 SYSTEMPATH\Common.php(1184): CodeIgniter\View\View->render()
 4 APPPATH\Controllers\Pinjam.php(646): view()
 5 SYSTEMPATH\CodeIgniter.php(934): App\Controllers\Pinjam->pinjam_views()
 6 SYSTEMPATH\CodeIgniter.php(499): CodeIgniter\CodeIgniter->runController()
 7 SYSTEMPATH\CodeIgniter.php(368): CodeIgniter\CodeIgniter->handleRequest()
 8 FCPATH\index.php(67): CodeIgniter\CodeIgniter->run()
 9 SYSTEMPATH\Commands\Server\rewrite.php(47): require_once('C:\\MAMP\\htdocs\\perpus\\public\\index.php')
INFO - 2023-06-01 04:08:15 --> Session: Class initialized using 'CodeIgniter\Session\Handlers\FileHandler' driver.
CRITICAL - 2023-06-01 04:08:15 --> Cannot use object of type Myth\Auth\Entities\User as array
in APPPATH\Views\pinjam\pinjam_views.php on line 38.
 1 SYSTEMPATH\View\View.php(213): include()
 2 SYSTEMPATH\View\View.php(216): CodeIgniter\View\View->CodeIgniter\View\{closure}()
 3 SYSTEMPATH\Common.php(1184): CodeIgniter\View\View->render()
 4 APPPATH\Controllers\Pinjam.php(646): view()
 5 SYSTEMPATH\CodeIgniter.php(934): App\Controllers\Pinjam->pinjam_views()
 6 SYSTEMPATH\CodeIgniter.php(499): CodeIgniter\CodeIgniter->runController()
 7 SYSTEMPATH\CodeIgniter.php(368): CodeIgniter\CodeIgniter->handleRequest()
 8 FCPATH\index.php(67): CodeIgniter\CodeIgniter->run()
 9 SYSTEMPATH\Commands\Server\rewrite.php(47): require_once('C:\\MAMP\\htdocs\\perpus\\public\\index.php')
INFO - 2023-06-01 04:08:17 --> Session: Class initialized using 'CodeIgniter\Session\Handlers\FileHandler' driver.
CRITICAL - 2023-06-01 04:08:17 --> Cannot use object of type Myth\Auth\Entities\User as array
in APPPATH\Views\pinjam\pinjam_views.php on line 38.
 1 SYSTEMPATH\View\View.php(213): include()
 2 SYSTEMPATH\View\View.php(216): CodeIgniter\View\View->CodeIgniter\View\{closure}()
 3 SYSTEMPATH\Common.php(1184): CodeIgniter\View\View->render()
 4 APPPATH\Controllers\Pinjam.php(646): view()
 5 SYSTEMPATH\CodeIgniter.php(934): App\Controllers\Pinjam->pinjam_views()
 6 SYSTEMPATH\CodeIgniter.php(499): CodeIgniter\CodeIgniter->runController()
 7 SYSTEMPATH\CodeIgniter.php(368): CodeIgniter\CodeIgniter->handleRequest()
 8 FCPATH\index.php(67): CodeIgniter\CodeIgniter->run()
 9 SYSTEMPATH\Commands\Server\rewrite.php(47): require_once('C:\\MAMP\\htdocs\\perpus\\public\\index.php')
INFO - 2023-06-01 04:08:18 --> Session: Class initialized using 'CodeIgniter\Session\Handlers\FileHandler' driver.
CRITICAL - 2023-06-01 04:08:18 --> Cannot use object of type Myth\Auth\Entities\User as array
in APPPATH\Views\pinjam\pinjam_views.php on line 38.
 1 SYSTEMPATH\View\View.php(213): include()
 2 SYSTEMPATH\View\View.php(216): CodeIgniter\View\View->CodeIgniter\View\{closure}()
 3 SYSTEMPATH\Common.php(1184): CodeIgniter\View\View->render()
 4 APPPATH\Controllers\Pinjam.php(646): view()
 5 SYSTEMPATH\CodeIgniter.php(934): App\Controllers\Pinjam->pinjam_views()
 6 SYSTEMPATH\CodeIgniter.php(499): CodeIgniter\CodeIgniter->runController()
 7 SYSTEMPATH\CodeIgniter.php(368): CodeIgniter\CodeIgniter->handleRequest()
 8 FCPATH\index.php(67): CodeIgniter\CodeIgniter->run()
 9 SYSTEMPATH\Commands\Server\rewrite.php(47): require_once('C:\\MAMP\\htdocs\\perpus\\public\\index.php')
INFO - 2023-06-01 04:08:18 --> Session: Class initialized using 'CodeIgniter\Session\Handlers\FileHandler' driver.
CRITICAL - 2023-06-01 04:08:18 --> Cannot use object of type Myth\Auth\Entities\User as array
in APPPATH\Views\pinjam\pinjam_views.php on line 38.
 1 SYSTEMPATH\View\View.php(213): include()
 2 SYSTEMPATH\View\View.php(216): CodeIgniter\View\View->CodeIgniter\View\{closure}()
 3 SYSTEMPATH\Common.php(1184): CodeIgniter\View\View->render()
 4 APPPATH\Controllers\Pinjam.php(646): view()
 5 SYSTEMPATH\CodeIgniter.php(934): App\Controllers\Pinjam->pinjam_views()
 6 SYSTEMPATH\CodeIgniter.php(499): CodeIgniter\CodeIgniter->runController()
 7 SYSTEMPATH\CodeIgniter.php(368): CodeIgniter\CodeIgniter->handleRequest()
 8 FCPATH\index.php(67): CodeIgniter\CodeIgniter->run()
 9 SYSTEMPATH\Commands\Server\rewrite.php(47): require_once('C:\\MAMP\\htdocs\\perpus\\public\\index.php')
INFO - 2023-06-01 04:08:36 --> Session: Class initialized using 'CodeIgniter\Session\Handlers\FileHandler' driver.
CRITICAL - 2023-06-01 04:08:36 --> Cannot use object of type Myth\Auth\Entities\User as array
in APPPATH\Views\pinjam\pinjam_views.php on line 47.
 1 SYSTEMPATH\View\View.php(213): include()
 2 SYSTEMPATH\View\View.php(216): CodeIgniter\View\View->CodeIgniter\View\{closure}()
 3 SYSTEMPATH\Common.php(1184): CodeIgniter\View\View->render()
 4 APPPATH\Controllers\Pinjam.php(646): view()
 5 SYSTEMPATH\CodeIgniter.php(934): App\Controllers\Pinjam->pinjam_views()
 6 SYSTEMPATH\CodeIgniter.php(499): CodeIgniter\CodeIgniter->runController()
 7 SYSTEMPATH\CodeIgniter.php(368): CodeIgniter\CodeIgniter->handleRequest()
 8 FCPATH\index.php(67): CodeIgniter\CodeIgniter->run()
 9 SYSTEMPATH\Commands\Server\rewrite.php(47): require_once('C:\\MAMP\\htdocs\\perpus\\public\\index.php')
INFO - 2023-06-01 04:10:07 --> Session: Class initialized using 'CodeIgniter\Session\Handlers\FileHandler' driver.
INFO - 2023-06-01 04:10:13 --> Session: Class initialized using 'CodeIgniter\Session\Handlers\FileHandler' driver.
INFO - 2023-06-01 04:10:13 --> CSRF token verified.
INFO - 2023-06-01 04:10:13 --> Session: Class initialized using 'CodeIgniter\Session\Handlers\FileHandler' driver.
INFO - 2023-06-01 11:10:59 --> Session: Class initialized using 'CodeIgniter\Session\Handlers\FileHandler' driver.
INFO - 2023-06-01 11:11:00 --> Session: Class initialized using 'CodeIgniter\Session\Handlers\FileHandler' driver.
INFO - 2023-06-01 11:11:06 --> CSRF token verified.
INFO - 2023-06-01 11:11:06 --> Session: Class initialized using 'CodeIgniter\Session\Handlers\FileHandler' driver.
INFO - 2023-06-01 11:11:07 --> Session: Class initialized using 'CodeIgniter\Session\Handlers\FileHandler' driver.
INFO - 2023-06-01 11:11:12 --> Session: Class initialized using 'CodeIgniter\Session\Handlers\FileHandler' driver.
INFO - 2023-06-01 11:11:12 --> CSRF token verified.
INFO - 2023-06-01 11:11:12 --> Session: Class initialized using 'CodeIgniter\Session\Handlers\FileHandler' driver.
INFO - 2023-06-01 11:11:23 --> Session: Class initialized using 'CodeIgniter\Session\Handlers\FileHandler' driver.
INFO - 2023-06-01 11:11:23 --> CSRF token verified.
INFO - 2023-06-01 11:11:23 --> Session: Class initialized using 'CodeIgniter\Session\Handlers\FileHandler' driver.
INFO - 2023-06-01 11:14:40 --> Session: Class initialized using 'CodeIgniter\Session\Handlers\FileHandler' driver.
INFO - 2023-06-01 11:14:51 --> Session: Class initialized using 'CodeIgniter\Session\Handlers\FileHandler' driver.
INFO - 2023-06-01 11:14:51 --> CSRF token verified.
INFO - 2023-06-01 11:14:52 --> Session: Class initialized using 'CodeIgniter\Session\Handlers\FileHandler' driver.
INFO - 2023-06-01 11:23:53 --> Session: Class initialized using 'CodeIgniter\Session\Handlers\FileHandler' driver.
INFO - 2023-06-01 11:30:29 --> Session: Class initialized using 'CodeIgniter\Session\Handlers\FileHandler' driver.
INFO - 2023-06-01 11:30:29 --> CSRF token verified.
INFO - 2023-06-01 11:30:29 --> Session: Class initialized using 'CodeIgniter\Session\Handlers\FileHandler' driver.
INFO - 2023-06-01 11:31:26 --> Session: Class initialized using 'CodeIgniter\Session\Handlers\FileHandler' driver.
INFO - 2023-06-01 11:31:26 --> CSRF token verified.
INFO - 2023-06-01 11:31:26 --> Session: Class initialized using 'CodeIgniter\Session\Handlers\FileHandler' driver.
INFO - 2023-06-01 11:33:00 --> Session: Class initialized using 'CodeIgniter\Session\Handlers\FileHandler' driver.
INFO - 2023-06-01 11:33:02 --> Session: Class initialized using 'CodeIgniter\Session\Handlers\FileHandler' driver.
INFO - 2023-06-01 11:33:06 --> Session: Class initialized using 'CodeIgniter\Session\Handlers\FileHandler' driver.
INFO - 2023-06-01 11:33:06 --> CSRF token verified.
INFO - 2023-06-01 11:33:06 --> Session: Class initialized using 'CodeIgniter\Session\Handlers\FileHandler' driver.
INFO - 2023-06-01 11:33:17 --> Session: Class initialized using 'CodeIgniter\Session\Handlers\FileHandler' driver.
INFO - 2023-06-01 11:33:17 --> CSRF token verified.
INFO - 2023-06-01 11:33:17 --> Session: Class initialized using 'CodeIgniter\Session\Handlers\FileHandler' driver.
INFO - 2023-06-01 11:34:50 --> Session: Class initialized using 'CodeIgniter\Session\Handlers\FileHandler' driver.
INFO - 2023-06-01 11:34:55 --> Session: Class initialized using 'CodeIgniter\Session\Handlers\FileHandler' driver.
INFO - 2023-06-01 11:34:55 --> CSRF token verified.
INFO - 2023-06-01 11:34:55 --> Session: Class initialized using 'CodeIgniter\Session\Handlers\FileHandler' driver.
INFO - 2023-06-01 11:43:51 --> Session: Class initialized using 'CodeIgniter\Session\Handlers\FileHandler' driver.
INFO - 2023-06-01 11:44:00 --> Session: Class initialized using 'CodeIgniter\Session\Handlers\FileHandler' driver.
INFO - 2023-06-01 11:44:00 --> CSRF token verified.
INFO - 2023-06-01 11:44:00 --> Session: Class initialized using 'CodeIgniter\Session\Handlers\FileHandler' driver.
INFO - 2023-06-01 11:45:58 --> Session: Class initialized using 'CodeIgniter\Session\Handlers\FileHandler' driver.
INFO - 2023-06-01 11:46:01 --> Session: Class initialized using 'CodeIgniter\Session\Handlers\FileHandler' driver.
INFO - 2023-06-01 11:46:01 --> CSRF token verified.
INFO - 2023-06-01 11:46:01 --> Session: Class initialized using 'CodeIgniter\Session\Handlers\FileHandler' driver.
INFO - 2023-06-01 11:46:20 --> Session: Class initialized using 'CodeIgniter\Session\Handlers\FileHandler' driver.
INFO - 2023-06-01 11:46:25 --> Session: Class initialized using 'CodeIgniter\Session\Handlers\FileHandler' driver.
INFO - 2023-06-01 11:46:25 --> CSRF token verified.
INFO - 2023-06-01 11:46:25 --> Session: Class initialized using 'CodeIgniter\Session\Handlers\FileHandler' driver.
INFO - 2023-06-01 11:46:37 --> Session: Class initialized using 'CodeIgniter\Session\Handlers\FileHandler' driver.
INFO - 2023-06-01 11:46:42 --> Session: Class initialized using 'CodeIgniter\Session\Handlers\FileHandler' driver.
INFO - 2023-06-01 11:46:42 --> CSRF token verified.
INFO - 2023-06-01 11:46:42 --> Session: Class initialized using 'CodeIgniter\Session\Handlers\FileHandler' driver.
INFO - 2023-06-01 11:50:04 --> Session: Class initialized using 'CodeIgniter\Session\Handlers\FileHandler' driver.
INFO - 2023-06-01 11:50:08 --> Session: Class initialized using 'CodeIgniter\Session\Handlers\FileHandler' driver.
INFO - 2023-06-01 11:50:08 --> CSRF token verified.
INFO - 2023-06-01 11:50:09 --> Session: Class initialized using 'CodeIgniter\Session\Handlers\FileHandler' driver.
INFO - 2023-06-01 11:57:05 --> Session: Class initialized using 'CodeIgniter\Session\Handlers\FileHandler' driver.
INFO - 2023-06-01 11:57:10 --> Session: Class initialized using 'CodeIgniter\Session\Handlers\FileHandler' driver.
INFO - 2023-06-01 11:57:10 --> CSRF token verified.
INFO - 2023-06-01 11:57:10 --> Session: Class initialized using 'CodeIgniter\Session\Handlers\FileHandler' driver.
INFO - 2023-06-01 11:58:31 --> Session: Class initialized using 'CodeIgniter\Session\Handlers\FileHandler' driver.
INFO - 2023-06-01 12:03:22 --> Session: Class initialized using 'CodeIgniter\Session\Handlers\FileHandler' driver.
INFO - 2023-06-01 12:03:27 --> Session: Class initialized using 'CodeIgniter\Session\Handlers\FileHandler' driver.
INFO - 2023-06-01 12:03:27 --> CSRF token verified.
INFO - 2023-06-01 12:03:27 --> Session: Class initialized using 'CodeIgniter\Session\Handlers\FileHandler' driver.
INFO - 2023-06-01 12:04:02 --> Session: Class initialized using 'CodeIgniter\Session\Handlers\FileHandler' driver.
INFO - 2023-06-01 12:04:04 --> Session: Class initialized using 'CodeIgniter\Session\Handlers\FileHandler' driver.
INFO - 2023-06-01 12:04:09 --> Session: Class initialized using 'CodeIgniter\Session\Handlers\FileHandler' driver.
INFO - 2023-06-01 12:04:09 --> CSRF token verified.
INFO - 2023-06-01 12:04:10 --> Session: Class initialized using 'CodeIgniter\Session\Handlers\FileHandler' driver.
INFO - 2023-06-01 12:07:33 --> Session: Class initialized using 'CodeIgniter\Session\Handlers\FileHandler' driver.
INFO - 2023-06-01 12:07:37 --> Session: Class initialized using 'CodeIgniter\Session\Handlers\FileHandler' driver.
INFO - 2023-06-01 12:07:37 --> CSRF token verified.
INFO - 2023-06-01 12:07:37 --> Session: Class initialized using 'CodeIgniter\Session\Handlers\FileHandler' driver.
INFO - 2023-06-01 16:52:22 --> Session: Class initialized using 'CodeIgniter\Session\Handlers\FileHandler' driver.
INFO - 2023-06-01 16:52:22 --> Session: Class initialized using 'CodeIgniter\Session\Handlers\FileHandler' driver.
INFO - 2023-06-01 16:52:30 --> CSRF token verified.
INFO - 2023-06-01 16:52:30 --> Session: Class initialized using 'CodeIgniter\Session\Handlers\FileHandler' driver.
INFO - 2023-06-01 16:52:30 --> Session: Class initialized using 'CodeIgniter\Session\Handlers\FileHandler' driver.
INFO - 2023-06-01 16:53:43 --> Session: Class initialized using 'CodeIgniter\Session\Handlers\FileHandler' driver.
CRITICAL - 2023-06-01 16:53:43 --> Attempt to read property "biaya_id" on array
in APPPATH\Views\pinjam\pinjam_views.php on line 53.
 1 APPPATH\Views\pinjam\pinjam_views.php(53): CodeIgniter\Debug\Exceptions->errorHandler()
 2 SYSTEMPATH\View\View.php(213): include('C:\\MAMP\\htdocs\\perpus\\app\\Views\\pinjam\\pinjam_views.php')
 3 SYSTEMPATH\View\View.php(216): CodeIgniter\View\View->CodeIgniter\View\{closure}()
 4 SYSTEMPATH\Common.php(1184): CodeIgniter\View\View->render()
 5 APPPATH\Controllers\Pinjam.php(739): view()
 6 SYSTEMPATH\CodeIgniter.php(934): App\Controllers\Pinjam->pinjam_views()
 7 SYSTEMPATH\CodeIgniter.php(499): CodeIgniter\CodeIgniter->runController()
 8 SYSTEMPATH\CodeIgniter.php(368): CodeIgniter\CodeIgniter->handleRequest()
 9 FCPATH\index.php(67): CodeIgniter\CodeIgniter->run()
10 SYSTEMPATH\Commands\Server\rewrite.php(47): require_once('C:\\MAMP\\htdocs\\perpus\\public\\index.php')
INFO - 2023-06-01 16:54:40 --> Session: Class initialized using 'CodeIgniter\Session\Handlers\FileHandler' driver.
CRITICAL - 2023-06-01 16:54:40 --> Undefined variable $biayadenda
in APPPATH\Views\pinjam\pinjam_views.php on line 52.
 1 APPPATH\Views\pinjam\pinjam_views.php(52): CodeIgniter\Debug\Exceptions->errorHandler()
 2 SYSTEMPATH\View\View.php(213): include('C:\\MAMP\\htdocs\\perpus\\app\\Views\\pinjam\\pinjam_views.php')
 3 SYSTEMPATH\View\View.php(216): CodeIgniter\View\View->CodeIgniter\View\{closure}()
 4 SYSTEMPATH\Common.php(1184): CodeIgniter\View\View->render()
 5 APPPATH\Controllers\Pinjam.php(739): view()
 6 SYSTEMPATH\CodeIgniter.php(934): App\Controllers\Pinjam->pinjam_views()
 7 SYSTEMPATH\CodeIgniter.php(499): CodeIgniter\CodeIgniter->runController()
 8 SYSTEMPATH\CodeIgniter.php(368): CodeIgniter\CodeIgniter->handleRequest()
 9 FCPATH\index.php(67): CodeIgniter\CodeIgniter->run()
10 SYSTEMPATH\Commands\Server\rewrite.php(47): require_once('C:\\MAMP\\htdocs\\perpus\\public\\index.php')
INFO - 2023-06-01 16:54:49 --> Session: Class initialized using 'CodeIgniter\Session\Handlers\FileHandler' driver.
CRITICAL - 2023-06-01 16:54:49 --> Undefined variable $biayadenda
in APPPATH\Views\pinjam\pinjam_views.php on line 52.
 1 APPPATH\Views\pinjam\pinjam_views.php(52): CodeIgniter\Debug\Exceptions->errorHandler()
 2 SYSTEMPATH\View\View.php(213): include('C:\\MAMP\\htdocs\\perpus\\app\\Views\\pinjam\\pinjam_views.php')
 3 SYSTEMPATH\View\View.php(216): CodeIgniter\View\View->CodeIgniter\View\{closure}()
 4 SYSTEMPATH\Common.php(1184): CodeIgniter\View\View->render()
 5 APPPATH\Controllers\Pinjam.php(739): view()
 6 SYSTEMPATH\CodeIgniter.php(934): App\Controllers\Pinjam->pinjam_views()
 7 SYSTEMPATH\CodeIgniter.php(499): CodeIgniter\CodeIgniter->runController()
 8 SYSTEMPATH\CodeIgniter.php(368): CodeIgniter\CodeIgniter->handleRequest()
 9 FCPATH\index.php(67): CodeIgniter\CodeIgniter->run()
10 SYSTEMPATH\Commands\Server\rewrite.php(47): require_once('C:\\MAMP\\htdocs\\perpus\\public\\index.php')
INFO - 2023-06-01 16:54:51 --> Session: Class initialized using 'CodeIgniter\Session\Handlers\FileHandler' driver.
CRITICAL - 2023-06-01 16:54:51 --> Undefined variable $biayadenda
in APPPATH\Views\pinjam\pinjam_views.php on line 52.
 1 APPPATH\Views\pinjam\pinjam_views.php(52): CodeIgniter\Debug\Exceptions->errorHandler()
 2 SYSTEMPATH\View\View.php(213): include('C:\\MAMP\\htdocs\\perpus\\app\\Views\\pinjam\\pinjam_views.php')
 3 SYSTEMPATH\View\View.php(216): CodeIgniter\View\View->CodeIgniter\View\{closure}()
 4 SYSTEMPATH\Common.php(1184): CodeIgniter\View\View->render()
 5 APPPATH\Controllers\Pinjam.php(739): view()
 6 SYSTEMPATH\CodeIgniter.php(934): App\Controllers\Pinjam->pinjam_views()
 7 SYSTEMPATH\CodeIgniter.php(499): CodeIgniter\CodeIgniter->runController()
 8 SYSTEMPATH\CodeIgniter.php(368): CodeIgniter\CodeIgniter->handleRequest()
 9 FCPATH\index.php(67): CodeIgniter\CodeIgniter->run()
10 SYSTEMPATH\Commands\Server\rewrite.php(47): require_once('C:\\MAMP\\htdocs\\perpus\\public\\index.php')
INFO - 2023-06-01 16:54:51 --> Session: Class initialized using 'CodeIgniter\Session\Handlers\FileHandler' driver.
CRITICAL - 2023-06-01 16:54:51 --> Undefined variable $biayadenda
in APPPATH\Views\pinjam\pinjam_views.php on line 52.
 1 APPPATH\Views\pinjam\pinjam_views.php(52): CodeIgniter\Debug\Exceptions->errorHandler()
 2 SYSTEMPATH\View\View.php(213): include('C:\\MAMP\\htdocs\\perpus\\app\\Views\\pinjam\\pinjam_views.php')
 3 SYSTEMPATH\View\View.php(216): CodeIgniter\View\View->CodeIgniter\View\{closure}()
 4 SYSTEMPATH\Common.php(1184): CodeIgniter\View\View->render()
 5 APPPATH\Controllers\Pinjam.php(739): view()
 6 SYSTEMPATH\CodeIgniter.php(934): App\Controllers\Pinjam->pinjam_views()
 7 SYSTEMPATH\CodeIgniter.php(499): CodeIgniter\CodeIgniter->runController()
 8 SYSTEMPATH\CodeIgniter.php(368): CodeIgniter\CodeIgniter->handleRequest()
 9 FCPATH\index.php(67): CodeIgniter\CodeIgniter->run()
10 SYSTEMPATH\Commands\Server\rewrite.php(47): require_once('C:\\MAMP\\htdocs\\perpus\\public\\index.php')
INFO - 2023-06-01 16:54:57 --> Session: Class initialized using 'CodeIgniter\Session\Handlers\FileHandler' driver.
CRITICAL - 2023-06-01 16:54:57 --> Attempt to read property "harga_id" on array
in APPPATH\Views\pinjam\pinjam_views.php on line 53.
 1 APPPATH\Views\pinjam\pinjam_views.php(53): CodeIgniter\Debug\Exceptions->errorHandler()
 2 SYSTEMPATH\View\View.php(213): include('C:\\MAMP\\htdocs\\perpus\\app\\Views\\pinjam\\pinjam_views.php')
 3 SYSTEMPATH\View\View.php(216): CodeIgniter\View\View->CodeIgniter\View\{closure}()
 4 SYSTEMPATH\Common.php(1184): CodeIgniter\View\View->render()
 5 APPPATH\Controllers\Pinjam.php(739): view()
 6 SYSTEMPATH\CodeIgniter.php(934): App\Controllers\Pinjam->pinjam_views()
 7 SYSTEMPATH\CodeIgniter.php(499): CodeIgniter\CodeIgniter->runController()
 8 SYSTEMPATH\CodeIgniter.php(368): CodeIgniter\CodeIgniter->handleRequest()
 9 FCPATH\index.php(67): CodeIgniter\CodeIgniter->run()
10 SYSTEMPATH\Commands\Server\rewrite.php(47): require_once('C:\\MAMP\\htdocs\\perpus\\public\\index.php')
INFO - 2023-06-01 16:55:38 --> Session: Class initialized using 'CodeIgniter\Session\Handlers\FileHandler' driver.
CRITICAL - 2023-06-01 16:55:38 --> Attempt to read property "biayaid" on array
in APPPATH\Views\pinjam\pinjam_views.php on line 53.
 1 APPPATH\Views\pinjam\pinjam_views.php(53): CodeIgniter\Debug\Exceptions->errorHandler()
 2 SYSTEMPATH\View\View.php(213): include('C:\\MAMP\\htdocs\\perpus\\app\\Views\\pinjam\\pinjam_views.php')
 3 SYSTEMPATH\View\View.php(216): CodeIgniter\View\View->CodeIgniter\View\{closure}()
 4 SYSTEMPATH\Common.php(1184): CodeIgniter\View\View->render()
 5 APPPATH\Controllers\Pinjam.php(739): view()
 6 SYSTEMPATH\CodeIgniter.php(934): App\Controllers\Pinjam->pinjam_views()
 7 SYSTEMPATH\CodeIgniter.php(499): CodeIgniter\CodeIgniter->runController()
 8 SYSTEMPATH\CodeIgniter.php(368): CodeIgniter\CodeIgniter->handleRequest()
 9 FCPATH\index.php(67): CodeIgniter\CodeIgniter->run()
10 SYSTEMPATH\Commands\Server\rewrite.php(47): require_once('C:\\MAMP\\htdocs\\perpus\\public\\index.php')
INFO - 2023-06-01 16:55:39 --> Session: Class initialized using 'CodeIgniter\Session\Handlers\FileHandler' driver.
CRITICAL - 2023-06-01 16:55:39 --> Attempt to read property "biayaid" on array
in APPPATH\Views\pinjam\pinjam_views.php on line 53.
 1 APPPATH\Views\pinjam\pinjam_views.php(53): CodeIgniter\Debug\Exceptions->errorHandler()
 2 SYSTEMPATH\View\View.php(213): include('C:\\MAMP\\htdocs\\perpus\\app\\Views\\pinjam\\pinjam_views.php')
 3 SYSTEMPATH\View\View.php(216): CodeIgniter\View\View->CodeIgniter\View\{closure}()
 4 SYSTEMPATH\Common.php(1184): CodeIgniter\View\View->render()
 5 APPPATH\Controllers\Pinjam.php(739): view()
 6 SYSTEMPATH\CodeIgniter.php(934): App\Controllers\Pinjam->pinjam_views()
 7 SYSTEMPATH\CodeIgniter.php(499): CodeIgniter\CodeIgniter->runController()
 8 SYSTEMPATH\CodeIgniter.php(368): CodeIgniter\CodeIgniter->handleRequest()
 9 FCPATH\index.php(67): CodeIgniter\CodeIgniter->run()
10 SYSTEMPATH\Commands\Server\rewrite.php(47): require_once('C:\\MAMP\\htdocs\\perpus\\public\\index.php')
INFO - 2023-06-01 16:55:56 --> Session: Class initialized using 'CodeIgniter\Session\Handlers\FileHandler' driver.
CRITICAL - 2023-06-01 16:55:56 --> Attempt to read property "id" on array
in APPPATH\Views\pinjam\pinjam_views.php on line 53.
 1 APPPATH\Views\pinjam\pinjam_views.php(53): CodeIgniter\Debug\Exceptions->errorHandler()
 2 SYSTEMPATH\View\View.php(213): include('C:\\MAMP\\htdocs\\perpus\\app\\Views\\pinjam\\pinjam_views.php')
 3 SYSTEMPATH\View\View.php(216): CodeIgniter\View\View->CodeIgniter\View\{closure}()
 4 SYSTEMPATH\Common.php(1184): CodeIgniter\View\View->render()
 5 APPPATH\Controllers\Pinjam.php(739): view()
 6 SYSTEMPATH\CodeIgniter.php(934): App\Controllers\Pinjam->pinjam_views()
 7 SYSTEMPATH\CodeIgniter.php(499): CodeIgniter\CodeIgniter->runController()
 8 SYSTEMPATH\CodeIgniter.php(368): CodeIgniter\CodeIgniter->handleRequest()
 9 FCPATH\index.php(67): CodeIgniter\CodeIgniter->run()
10 SYSTEMPATH\Commands\Server\rewrite.php(47): require_once('C:\\MAMP\\htdocs\\perpus\\public\\index.php')
INFO - 2023-06-01 16:56:15 --> Session: Class initialized using 'CodeIgniter\Session\Handlers\FileHandler' driver.
INFO - 2023-06-01 16:56:23 --> Session: Class initialized using 'CodeIgniter\Session\Handlers\FileHandler' driver.
INFO - 2023-06-01 16:56:23 --> CSRF token verified.
INFO - 2023-06-01 16:56:43 --> Session: Class initialized using 'CodeIgniter\Session\Handlers\FileHandler' driver.
INFO - 2023-06-01 16:56:43 --> CSRF token verified.
INFO - 2023-06-01 16:56:58 --> Session: Class initialized using 'CodeIgniter\Session\Handlers\FileHandler' driver.
INFO - 2023-06-01 16:56:58 --> CSRF token verified.
INFO - 2023-06-01 16:57:34 --> Session: Class initialized using 'CodeIgniter\Session\Handlers\FileHandler' driver.
CRITICAL - 2023-06-01 16:57:34 --> The action you requested is not allowed.
in SYSTEMPATH\Security\Security.php on line 306.
 1 SYSTEMPATH\Security\Security.php(306): CodeIgniter\Security\Exceptions\SecurityException::forDisallowedAction()
 2 SYSTEMPATH\Filters\CSRF.php(55): CodeIgniter\Security\Security->verify()
 3 SYSTEMPATH\Filters\Filters.php(173): CodeIgniter\Filters\CSRF->before()
 4 SYSTEMPATH\CodeIgniter.php(473): CodeIgniter\Filters\Filters->run()
 5 SYSTEMPATH\CodeIgniter.php(368): CodeIgniter\CodeIgniter->handleRequest()
 6 FCPATH\index.php(67): CodeIgniter\CodeIgniter->run()
 7 SYSTEMPATH\Commands\Server\rewrite.php(47): require_once('C:\\MAMP\\htdocs\\perpus\\public\\index.php')
INFO - 2023-06-01 16:57:39 --> Session: Class initialized using 'CodeIgniter\Session\Handlers\FileHandler' driver.
INFO - 2023-06-01 16:57:44 --> Session: Class initialized using 'CodeIgniter\Session\Handlers\FileHandler' driver.
INFO - 2023-06-01 16:57:44 --> CSRF token verified.
INFO - 2023-06-01 16:57:44 --> Session: Class initialized using 'CodeIgniter\Session\Handlers\FileHandler' driver.
INFO - 2023-06-01 16:57:58 --> Session: Class initialized using 'CodeIgniter\Session\Handlers\FileHandler' driver.
INFO - 2023-06-01 16:57:58 --> CSRF token verified.
INFO - 2023-06-01 16:57:58 --> Session: Class initialized using 'CodeIgniter\Session\Handlers\FileHandler' driver.
INFO - 2023-06-01 16:58:05 --> Session: Class initialized using 'CodeIgniter\Session\Handlers\FileHandler' driver.
INFO - 2023-06-01 16:58:05 --> CSRF token verified.
INFO - 2023-06-01 16:58:05 --> Session: Class initialized using 'CodeIgniter\Session\Handlers\FileHandler' driver.
INFO - 2023-06-01 16:58:10 --> Session: Class initialized using 'CodeIgniter\Session\Handlers\FileHandler' driver.
INFO - 2023-06-01 16:58:10 --> CSRF token verified.
INFO - 2023-06-01 16:58:11 --> Session: Class initialized using 'CodeIgniter\Session\Handlers\FileHandler' driver.
INFO - 2023-06-01 16:58:17 --> Session: Class initialized using 'CodeIgniter\Session\Handlers\FileHandler' driver.
INFO - 2023-06-01 16:58:17 --> CSRF token verified.
INFO - 2023-06-01 16:58:18 --> Session: Class initialized using 'CodeIgniter\Session\Handlers\FileHandler' driver.
INFO - 2023-06-01 16:58:23 --> Session: Class initialized using 'CodeIgniter\Session\Handlers\FileHandler' driver.
INFO - 2023-06-01 16:58:23 --> CSRF token verified.
INFO - 2023-06-01 16:58:32 --> Session: Class initialized using 'CodeIgniter\Session\Handlers\FileHandler' driver.
INFO - 2023-06-01 16:58:32 --> CSRF token verified.
INFO - 2023-06-01 16:59:32 --> Session: Class initialized using 'CodeIgniter\Session\Handlers\FileHandler' driver.
CRITICAL - 2023-06-01 16:59:32 --> Undefined property: stdClass::$buku
in APPPATH\Views\pinjam\index.php on line 49.
 1 APPPATH\Views\pinjam\index.php(49): CodeIgniter\Debug\Exceptions->errorHandler()
 2 SYSTEMPATH\View\View.php(213): include('C:\\MAMP\\htdocs\\perpus\\app\\Views\\pinjam\\index.php')
 3 SYSTEMPATH\View\View.php(216): CodeIgniter\View\View->CodeIgniter\View\{closure}()
 4 SYSTEMPATH\Common.php(1184): CodeIgniter\View\View->render()
 5 APPPATH\Controllers\Pinjam.php(66): view()
 6 SYSTEMPATH\CodeIgniter.php(934): App\Controllers\Pinjam->index()
 7 SYSTEMPATH\CodeIgniter.php(499): CodeIgniter\CodeIgniter->runController()
 8 SYSTEMPATH\CodeIgniter.php(368): CodeIgniter\CodeIgniter->handleRequest()
 9 FCPATH\index.php(67): CodeIgniter\CodeIgniter->run()
10 SYSTEMPATH\Commands\Server\rewrite.php(47): require_once('C:\\MAMP\\htdocs\\perpus\\public\\index.php')
INFO - 2023-06-01 17:00:36 --> Session: Class initialized using 'CodeIgniter\Session\Handlers\FileHandler' driver.
CRITICAL - 2023-06-01 17:00:36 --> Undefined property: stdClass::$sampul
in APPPATH\Views\pinjam\index.php on line 56.
 1 APPPATH\Views\pinjam\index.php(56): CodeIgniter\Debug\Exceptions->errorHandler()
 2 SYSTEMPATH\View\View.php(213): include('C:\\MAMP\\htdocs\\perpus\\app\\Views\\pinjam\\index.php')
 3 SYSTEMPATH\View\View.php(216): CodeIgniter\View\View->CodeIgniter\View\{closure}()
 4 SYSTEMPATH\Common.php(1184): CodeIgniter\View\View->render()
 5 APPPATH\Controllers\Pinjam.php(66): view()
 6 SYSTEMPATH\CodeIgniter.php(934): App\Controllers\Pinjam->index()
 7 SYSTEMPATH\CodeIgniter.php(499): CodeIgniter\CodeIgniter->runController()
 8 SYSTEMPATH\CodeIgniter.php(368): CodeIgniter\CodeIgniter->handleRequest()
 9 FCPATH\index.php(67): CodeIgniter\CodeIgniter->run()
10 SYSTEMPATH\Commands\Server\rewrite.php(47): require_once('C:\\MAMP\\htdocs\\perpus\\public\\index.php')
INFO - 2023-06-01 17:00:51 --> Session: Class initialized using 'CodeIgniter\Session\Handlers\FileHandler' driver.
CRITICAL - 2023-06-01 17:00:51 --> Undefined property: stdClass::$sampul
in APPPATH\Views\pinjam\index.php on line 56.
 1 APPPATH\Views\pinjam\index.php(56): CodeIgniter\Debug\Exceptions->errorHandler()
 2 SYSTEMPATH\View\View.php(213): include('C:\\MAMP\\htdocs\\perpus\\app\\Views\\pinjam\\index.php')
 3 SYSTEMPATH\View\View.php(216): CodeIgniter\View\View->CodeIgniter\View\{closure}()
 4 SYSTEMPATH\Common.php(1184): CodeIgniter\View\View->render()
 5 APPPATH\Controllers\Pinjam.php(66): view()
 6 SYSTEMPATH\CodeIgniter.php(934): App\Controllers\Pinjam->index()
 7 SYSTEMPATH\CodeIgniter.php(499): CodeIgniter\CodeIgniter->runController()
 8 SYSTEMPATH\CodeIgniter.php(368): CodeIgniter\CodeIgniter->handleRequest()
 9 FCPATH\index.php(67): CodeIgniter\CodeIgniter->run()
10 SYSTEMPATH\Commands\Server\rewrite.php(47): require_once('C:\\MAMP\\htdocs\\perpus\\public\\index.php')
ERROR - 2023-06-01 17:02:09 --> mysqli_sql_exception: Unknown column 'tbl_buku._sampul' in 'field list' in C:\MAMP\htdocs\perpus\system\Database\MySQLi\Connection.php:295
Stack trace:
#0 C:\MAMP\htdocs\perpus\system\Database\MySQLi\Connection.php(295): mysqli->query()
#1 C:\MAMP\htdocs\perpus\system\Database\BaseConnection.php(691): CodeIgniter\Database\MySQLi\Connection->execute()
#2 C:\MAMP\htdocs\perpus\system\Database\BaseConnection.php(605): CodeIgniter\Database\BaseConnection->simpleQuery()
#3 C:\MAMP\htdocs\perpus\system\Database\BaseBuilder.php(1616): CodeIgniter\Database\BaseConnection->query()
#4 C:\MAMP\htdocs\perpus\app\Controllers\Pinjam.php(67): CodeIgniter\Database\BaseBuilder->get()
#5 C:\MAMP\htdocs\perpus\system\CodeIgniter.php(934): App\Controllers\Pinjam->index()
#6 C:\MAMP\htdocs\perpus\system\CodeIgniter.php(499): CodeIgniter\CodeIgniter->runController()
#7 C:\MAMP\htdocs\perpus\system\CodeIgniter.php(368): CodeIgniter\CodeIgniter->handleRequest()
#8 C:\MAMP\htdocs\perpus\public\index.php(67): CodeIgniter\CodeIgniter->run()
#9 C:\MAMP\htdocs\perpus\system\Commands\Server\rewrite.php(47): require_once('...')
#10 {main}
CRITICAL - 2023-06-01 17:02:09 --> Unknown column 'tbl_buku._sampul' in 'field list'
in SYSTEMPATH\Database\MySQLi\Connection.php on line 295.
 1 SYSTEMPATH\Database\MySQLi\Connection.php(295): mysqli->query()
 2 SYSTEMPATH\Database\BaseConnection.php(691): CodeIgniter\Database\MySQLi\Connection->execute()
 3 SYSTEMPATH\Database\BaseConnection.php(605): CodeIgniter\Database\BaseConnection->simpleQuery()
 4 SYSTEMPATH\Database\BaseBuilder.php(1616): CodeIgniter\Database\BaseConnection->query()
 5 APPPATH\Controllers\Pinjam.php(67): CodeIgniter\Database\BaseBuilder->get()
 6 SYSTEMPATH\CodeIgniter.php(934): App\Controllers\Pinjam->index()
 7 SYSTEMPATH\CodeIgniter.php(499): CodeIgniter\CodeIgniter->runController()
 8 SYSTEMPATH\CodeIgniter.php(368): CodeIgniter\CodeIgniter->handleRequest()
 9 FCPATH\index.php(67): CodeIgniter\CodeIgniter->run()
10 SYSTEMPATH\Commands\Server\rewrite.php(47): require_once('C:\\MAMP\\htdocs\\perpus\\public\\index.php')
ERROR - 2023-06-01 17:02:11 --> mysqli_sql_exception: Unknown column 'tbl_buku._sampul' in 'field list' in C:\MAMP\htdocs\perpus\system\Database\MySQLi\Connection.php:295
Stack trace:
#0 C:\MAMP\htdocs\perpus\system\Database\MySQLi\Connection.php(295): mysqli->query()
#1 C:\MAMP\htdocs\perpus\system\Database\BaseConnection.php(691): CodeIgniter\Database\MySQLi\Connection->execute()
#2 C:\MAMP\htdocs\perpus\system\Database\BaseConnection.php(605): CodeIgniter\Database\BaseConnection->simpleQuery()
#3 C:\MAMP\htdocs\perpus\system\Database\BaseBuilder.php(1616): CodeIgniter\Database\BaseConnection->query()
#4 C:\MAMP\htdocs\perpus\app\Controllers\Pinjam.php(67): CodeIgniter\Database\BaseBuilder->get()
#5 C:\MAMP\htdocs\perpus\system\CodeIgniter.php(934): App\Controllers\Pinjam->index()
#6 C:\MAMP\htdocs\perpus\system\CodeIgniter.php(499): CodeIgniter\CodeIgniter->runController()
#7 C:\MAMP\htdocs\perpus\system\CodeIgniter.php(368): CodeIgniter\CodeIgniter->handleRequest()
#8 C:\MAMP\htdocs\perpus\public\index.php(67): CodeIgniter\CodeIgniter->run()
#9 C:\MAMP\htdocs\perpus\system\Commands\Server\rewrite.php(47): require_once('...')
#10 {main}
CRITICAL - 2023-06-01 17:02:11 --> Unknown column 'tbl_buku._sampul' in 'field list'
in SYSTEMPATH\Database\MySQLi\Connection.php on line 295.
 1 SYSTEMPATH\Database\MySQLi\Connection.php(295): mysqli->query()
 2 SYSTEMPATH\Database\BaseConnection.php(691): CodeIgniter\Database\MySQLi\Connection->execute()
 3 SYSTEMPATH\Database\BaseConnection.php(605): CodeIgniter\Database\BaseConnection->simpleQuery()
 4 SYSTEMPATH\Database\BaseBuilder.php(1616): CodeIgniter\Database\BaseConnection->query()
 5 APPPATH\Controllers\Pinjam.php(67): CodeIgniter\Database\BaseBuilder->get()
 6 SYSTEMPATH\CodeIgniter.php(934): App\Controllers\Pinjam->index()
 7 SYSTEMPATH\CodeIgniter.php(499): CodeIgniter\CodeIgniter->runController()
 8 SYSTEMPATH\CodeIgniter.php(368): CodeIgniter\CodeIgniter->handleRequest()
 9 FCPATH\index.php(67): CodeIgniter\CodeIgniter->run()
10 SYSTEMPATH\Commands\Server\rewrite.php(47): require_once('C:\\MAMP\\htdocs\\perpus\\public\\index.php')
INFO - 2023-06-01 17:02:17 --> Session: Class initialized using 'CodeIgniter\Session\Handlers\FileHandler' driver.
CRITICAL - 2023-06-01 17:02:17 --> Undefined property: stdClass::$tgl_pinjam
in APPPATH\Views\pinjam\index.php on line 60.
 1 APPPATH\Views\pinjam\index.php(60): CodeIgniter\Debug\Exceptions->errorHandler()
 2 SYSTEMPATH\View\View.php(213): include('C:\\MAMP\\htdocs\\perpus\\app\\Views\\pinjam\\index.php')
 3 SYSTEMPATH\View\View.php(216): CodeIgniter\View\View->CodeIgniter\View\{closure}()
 4 SYSTEMPATH\Common.php(1184): CodeIgniter\View\View->render()
 5 APPPATH\Controllers\Pinjam.php(70): view()
 6 SYSTEMPATH\CodeIgniter.php(934): App\Controllers\Pinjam->index()
 7 SYSTEMPATH\CodeIgniter.php(499): CodeIgniter\CodeIgniter->runController()
 8 SYSTEMPATH\CodeIgniter.php(368): CodeIgniter\CodeIgniter->handleRequest()
 9 FCPATH\index.php(67): CodeIgniter\CodeIgniter->run()
10 SYSTEMPATH\Commands\Server\rewrite.php(47): require_once('C:\\MAMP\\htdocs\\perpus\\public\\index.php')
INFO - 2023-06-01 17:02:56 --> Session: Class initialized using 'CodeIgniter\Session\Handlers\FileHandler' driver.
CRITICAL - 2023-06-01 17:02:56 --> Undefined property: stdClass::$harga_id
in APPPATH\Views\pinjam\index.php on line 62.
 1 APPPATH\Views\pinjam\index.php(62): CodeIgniter\Debug\Exceptions->errorHandler()
 2 SYSTEMPATH\View\View.php(213): include('C:\\MAMP\\htdocs\\perpus\\app\\Views\\pinjam\\index.php')
 3 SYSTEMPATH\View\View.php(216): CodeIgniter\View\View->CodeIgniter\View\{closure}()
 4 SYSTEMPATH\Common.php(1184): CodeIgniter\View\View->render()
 5 APPPATH\Controllers\Pinjam.php(70): view()
 6 SYSTEMPATH\CodeIgniter.php(934): App\Controllers\Pinjam->index()
 7 SYSTEMPATH\CodeIgniter.php(499): CodeIgniter\CodeIgniter->runController()
 8 SYSTEMPATH\CodeIgniter.php(368): CodeIgniter\CodeIgniter->handleRequest()
 9 FCPATH\index.php(67): CodeIgniter\CodeIgniter->run()
10 SYSTEMPATH\Commands\Server\rewrite.php(47): require_once('C:\\MAMP\\htdocs\\perpus\\public\\index.php')
INFO - 2023-06-01 17:03:11 --> Session: Class initialized using 'CodeIgniter\Session\Handlers\FileHandler' driver.
CRITICAL - 2023-06-01 17:03:11 --> Undefined property: stdClass::$bukuid
in APPPATH\Views\pinjam\index.php on line 64.
 1 APPPATH\Views\pinjam\index.php(64): CodeIgniter\Debug\Exceptions->errorHandler()
 2 SYSTEMPATH\View\View.php(213): include('C:\\MAMP\\htdocs\\perpus\\app\\Views\\pinjam\\index.php')
 3 SYSTEMPATH\View\View.php(216): CodeIgniter\View\View->CodeIgniter\View\{closure}()
 4 SYSTEMPATH\Common.php(1184): CodeIgniter\View\View->render()
 5 APPPATH\Controllers\Pinjam.php(70): view()
 6 SYSTEMPATH\CodeIgniter.php(934): App\Controllers\Pinjam->index()
 7 SYSTEMPATH\CodeIgniter.php(499): CodeIgniter\CodeIgniter->runController()
 8 SYSTEMPATH\CodeIgniter.php(368): CodeIgniter\CodeIgniter->handleRequest()
 9 FCPATH\index.php(67): CodeIgniter\CodeIgniter->run()
10 SYSTEMPATH\Commands\Server\rewrite.php(47): require_once('C:\\MAMP\\htdocs\\perpus\\public\\index.php')
INFO - 2023-06-01 17:04:06 --> Session: Class initialized using 'CodeIgniter\Session\Handlers\FileHandler' driver.
CRITICAL - 2023-06-01 17:04:06 --> Undefined property: stdClass::$status
in APPPATH\Views\pinjam\index.php on line 70.
 1 APPPATH\Views\pinjam\index.php(70): CodeIgniter\Debug\Exceptions->errorHandler()
 2 SYSTEMPATH\View\View.php(213): include('C:\\MAMP\\htdocs\\perpus\\app\\Views\\pinjam\\index.php')
 3 SYSTEMPATH\View\View.php(216): CodeIgniter\View\View->CodeIgniter\View\{closure}()
 4 SYSTEMPATH\Common.php(1184): CodeIgniter\View\View->render()
 5 APPPATH\Controllers\Pinjam.php(70): view()
 6 SYSTEMPATH\CodeIgniter.php(934): App\Controllers\Pinjam->index()
 7 SYSTEMPATH\CodeIgniter.php(499): CodeIgniter\CodeIgniter->runController()
 8 SYSTEMPATH\CodeIgniter.php(368): CodeIgniter\CodeIgniter->handleRequest()
 9 FCPATH\index.php(67): CodeIgniter\CodeIgniter->run()
10 SYSTEMPATH\Commands\Server\rewrite.php(47): require_once('C:\\MAMP\\htdocs\\perpus\\public\\index.php')
INFO - 2023-06-01 17:04:38 --> Session: Class initialized using 'CodeIgniter\Session\Handlers\FileHandler' driver.
INFO - 2023-06-01 17:04:57 --> Session: Class initialized using 'CodeIgniter\Session\Handlers\FileHandler' driver.
INFO - 2023-06-01 17:05:19 --> Session: Class initialized using 'CodeIgniter\Session\Handlers\FileHandler' driver.
INFO - 2023-06-01 17:05:21 --> Session: Class initialized using 'CodeIgniter\Session\Handlers\FileHandler' driver.
INFO - 2023-06-01 17:05:23 --> Session: Class initialized using 'CodeIgniter\Session\Handlers\FileHandler' driver.
INFO - 2023-06-01 17:05:27 --> Session: Class initialized using 'CodeIgniter\Session\Handlers\FileHandler' driver.
INFO - 2023-06-01 17:06:37 --> Session: Class initialized using 'CodeIgniter\Session\Handlers\FileHandler' driver.
INFO - 2023-06-01 17:06:54 --> Session: Class initialized using 'CodeIgniter\Session\Handlers\FileHandler' driver.
INFO - 2023-06-01 17:07:26 --> Session: Class initialized using 'CodeIgniter\Session\Handlers\FileHandler' driver.
INFO - 2023-06-01 17:08:07 --> Session: Class initialized using 'CodeIgniter\Session\Handlers\FileHandler' driver.
INFO - 2023-06-01 17:08:18 --> Session: Class initialized using 'CodeIgniter\Session\Handlers\FileHandler' driver.
INFO - 2023-06-01 17:08:26 --> Session: Class initialized using 'CodeIgniter\Session\Handlers\FileHandler' driver.
INFO - 2023-06-01 17:08:26 --> CSRF token verified.
INFO - 2023-06-01 17:08:26 --> Session: Class initialized using 'CodeIgniter\Session\Handlers\FileHandler' driver.
INFO - 2023-06-01 17:08:34 --> Session: Class initialized using 'CodeIgniter\Session\Handlers\FileHandler' driver.
INFO - 2023-06-01 17:08:34 --> CSRF token verified.
CRITICAL - 2023-06-01 17:08:34 --> Cannot use object of type Myth\Auth\Entities\User as array
in APPPATH\Controllers\Pinjam.php on line 471.
 1 SYSTEMPATH\CodeIgniter.php(934): App\Controllers\Pinjam->pinjamBuku()
 2 SYSTEMPATH\CodeIgniter.php(499): CodeIgniter\CodeIgniter->runController()
 3 SYSTEMPATH\CodeIgniter.php(368): CodeIgniter\CodeIgniter->handleRequest()
 4 FCPATH\index.php(67): CodeIgniter\CodeIgniter->run()
 5 SYSTEMPATH\Commands\Server\rewrite.php(47): require_once('C:\\MAMP\\htdocs\\perpus\\public\\index.php')
INFO - 2023-06-01 17:09:18 --> Session: Class initialized using 'CodeIgniter\Session\Handlers\FileHandler' driver.
INFO - 2023-06-01 17:09:18 --> CSRF token verified.
CRITICAL - 2023-06-01 17:09:18 --> Cannot use object of type Myth\Auth\Entities\User as array
in APPPATH\Controllers\Pinjam.php on line 484.
 1 SYSTEMPATH\CodeIgniter.php(934): App\Controllers\Pinjam->pinjamBuku()
 2 SYSTEMPATH\CodeIgniter.php(499): CodeIgniter\CodeIgniter->runController()
 3 SYSTEMPATH\CodeIgniter.php(368): CodeIgniter\CodeIgniter->handleRequest()
 4 FCPATH\index.php(67): CodeIgniter\CodeIgniter->run()
 5 SYSTEMPATH\Commands\Server\rewrite.php(47): require_once('C:\\MAMP\\htdocs\\perpus\\public\\index.php')
INFO - 2023-06-01 17:09:32 --> Session: Class initialized using 'CodeIgniter\Session\Handlers\FileHandler' driver.
INFO - 2023-06-01 17:09:32 --> CSRF token verified.
CRITICAL - 2023-06-01 17:09:32 --> Cannot use object of type Myth\Auth\Entities\User as array
in APPPATH\Controllers\Pinjam.php on line 492.
 1 SYSTEMPATH\CodeIgniter.php(934): App\Controllers\Pinjam->pinjamBuku()
 2 SYSTEMPATH\CodeIgniter.php(499): CodeIgniter\CodeIgniter->runController()
 3 SYSTEMPATH\CodeIgniter.php(368): CodeIgniter\CodeIgniter->handleRequest()
 4 FCPATH\index.php(67): CodeIgniter\CodeIgniter->run()
 5 SYSTEMPATH\Commands\Server\rewrite.php(47): require_once('C:\\MAMP\\htdocs\\perpus\\public\\index.php')
INFO - 2023-06-01 17:09:50 --> Session: Class initialized using 'CodeIgniter\Session\Handlers\FileHandler' driver.
INFO - 2023-06-01 17:09:50 --> CSRF token verified.
CRITICAL - 2023-06-01 17:09:50 --> Undefined array key "harga_denda"
in APPPATH\Controllers\Pinjam.php on line 497.
 1 APPPATH\Controllers\Pinjam.php(497): CodeIgniter\Debug\Exceptions->errorHandler()
 2 SYSTEMPATH\CodeIgniter.php(934): App\Controllers\Pinjam->pinjamBuku()
 3 SYSTEMPATH\CodeIgniter.php(499): CodeIgniter\CodeIgniter->runController()
 4 SYSTEMPATH\CodeIgniter.php(368): CodeIgniter\CodeIgniter->handleRequest()
 5 FCPATH\index.php(67): CodeIgniter\CodeIgniter->run()
 6 SYSTEMPATH\Commands\Server\rewrite.php(47): require_once('C:\\MAMP\\htdocs\\perpus\\public\\index.php')
INFO - 2023-06-01 17:10:05 --> Session: Class initialized using 'CodeIgniter\Session\Handlers\FileHandler' driver.
INFO - 2023-06-01 17:10:05 --> CSRF token verified.
CRITICAL - 2023-06-01 17:10:05 --> Attempt to read property "harga_denda" on array
in APPPATH\Controllers\Pinjam.php on line 497.
 1 APPPATH\Controllers\Pinjam.php(497): CodeIgniter\Debug\Exceptions->errorHandler()
 2 SYSTEMPATH\CodeIgniter.php(934): App\Controllers\Pinjam->pinjamBuku()
 3 SYSTEMPATH\CodeIgniter.php(499): CodeIgniter\CodeIgniter->runController()
 4 SYSTEMPATH\CodeIgniter.php(368): CodeIgniter\CodeIgniter->handleRequest()
 5 FCPATH\index.php(67): CodeIgniter\CodeIgniter->run()
 6 SYSTEMPATH\Commands\Server\rewrite.php(47): require_once('C:\\MAMP\\htdocs\\perpus\\public\\index.php')
INFO - 2023-06-01 17:10:26 --> Session: Class initialized using 'CodeIgniter\Session\Handlers\FileHandler' driver.
INFO - 2023-06-01 17:10:26 --> CSRF token verified.
CRITICAL - 2023-06-01 17:10:26 --> Undefined array key "harga_denda"
in APPPATH\Controllers\Pinjam.php on line 497.
 1 APPPATH\Controllers\Pinjam.php(497): CodeIgniter\Debug\Exceptions->errorHandler()
 2 SYSTEMPATH\CodeIgniter.php(934): App\Controllers\Pinjam->pinjamBuku()
 3 SYSTEMPATH\CodeIgniter.php(499): CodeIgniter\CodeIgniter->runController()
 4 SYSTEMPATH\CodeIgniter.php(368): CodeIgniter\CodeIgniter->handleRequest()
 5 FCPATH\index.php(67): CodeIgniter\CodeIgniter->run()
 6 SYSTEMPATH\Commands\Server\rewrite.php(47): require_once('C:\\MAMP\\htdocs\\perpus\\public\\index.php')
INFO - 2023-06-01 17:12:24 --> Session: Class initialized using 'CodeIgniter\Session\Handlers\FileHandler' driver.
INFO - 2023-06-01 17:12:24 --> CSRF token verified.
CRITICAL - 2023-06-01 17:12:24 --> Cannot use object of type Myth\Auth\Entities\User as array
in APPPATH\Controllers\Pinjam.php on line 471.
 1 SYSTEMPATH\CodeIgniter.php(934): App\Controllers\Pinjam->pinjamBuku()
 2 SYSTEMPATH\CodeIgniter.php(499): CodeIgniter\CodeIgniter->runController()
 3 SYSTEMPATH\CodeIgniter.php(368): CodeIgniter\CodeIgniter->handleRequest()
 4 FCPATH\index.php(67): CodeIgniter\CodeIgniter->run()
 5 SYSTEMPATH\Commands\Server\rewrite.php(47): require_once('C:\\MAMP\\htdocs\\perpus\\public\\index.php')
