CRITICAL - 2023-04-18 18:20:19 --> Invalid file: "layout/template.php"
in SYSTEMPATH\Exceptions\FrameworkException.php on line 33.
 1 SYSTEMPATH\View\View.php(201): CodeIgniter\Exceptions\FrameworkException::forInvalidFile()
 2 SYSTEMPATH\View\View.php(229): CodeIgniter\View\View->render()
 3 SYSTEMPATH\Common.php(1184): CodeIgniter\View\View->render()
 4 APPPATH\Controllers\Home.php(13): view()
 5 SYSTEMPATH\CodeIgniter.php(934): App\Controllers\Home->index()
 6 SYSTEMPATH\CodeIgniter.php(499): CodeIgniter\CodeIgniter->runController()
 7 SYSTEMPATH\CodeIgniter.php(368): CodeIgniter\CodeIgniter->handleRequest()
 8 FCPATH\index.php(67): CodeIgniter\CodeIgniter->run()
 9 SYSTEMPATH\Commands\Server\rewrite.php(47): require_once('C:\\MAMP\\htdocs\\perpus\\public\\index.php')
CRITICAL - 2023-04-18 18:20:49 --> Call to undefined function logged_in()
in APPPATH\Views\layout\navbar.php on line 19.
 1 SYSTEMPATH\View\View.php(213): include()
 2 SYSTEMPATH\View\View.php(216): CodeIgniter\View\View->CodeIgniter\View\{closure}()
 3 SYSTEMPATH\View\View.php(431): CodeIgniter\View\View->render()
 4 APPPATH\Views\layout\template.php(31): CodeIgniter\View\View->include()
 5 SYSTEMPATH\View\View.php(213): include('C:\\MAMP\\htdocs\\perpus\\app\\Views\\layout\\template.php')
 6 SYSTEMPATH\View\View.php(216): CodeIgniter\View\View->CodeIgniter\View\{closure}()
 7 SYSTEMPATH\View\View.php(229): CodeIgniter\View\View->render()
 8 SYSTEMPATH\Common.php(1184): CodeIgniter\View\View->render()
 9 APPPATH\Controllers\Home.php(13): view()
10 SYSTEMPATH\CodeIgniter.php(934): App\Controllers\Home->index()
11 SYSTEMPATH\CodeIgniter.php(499): CodeIgniter\CodeIgniter->runController()
12 SYSTEMPATH\CodeIgniter.php(368): CodeIgniter\CodeIgniter->handleRequest()
13 FCPATH\index.php(67): CodeIgniter\CodeIgniter->run()
14 SYSTEMPATH\Commands\Server\rewrite.php(47): require_once('C:\\MAMP\\htdocs\\perpus\\public\\index.php')
INFO - 2023-04-18 18:25:26 --> Session: Class initialized using 'CodeIgniter\Session\Handlers\FileHandler' driver.
INFO - 2023-04-18 18:25:34 --> Session: Class initialized using 'CodeIgniter\Session\Handlers\FileHandler' driver.
INFO - 2023-04-18 18:25:45 --> Session: Class initialized using 'CodeIgniter\Session\Handlers\FileHandler' driver.
INFO - 2023-04-18 18:25:51 --> Session: Class initialized using 'CodeIgniter\Session\Handlers\FileHandler' driver.
INFO - 2023-04-18 18:25:59 --> Session: Class initialized using 'CodeIgniter\Session\Handlers\FileHandler' driver.
INFO - 2023-04-18 18:27:00 --> Session: Class initialized using 'CodeIgniter\Session\Handlers\FileHandler' driver.
CRITICAL - 2023-04-18 18:27:00 --> "strong_password" is not a valid rule.
in SYSTEMPATH\Validation\Validation.php on line 320.
 1 SYSTEMPATH\Validation\Validation.php(320): CodeIgniter\Validation\Exceptions\ValidationException::forRuleNotFound()
 2 SYSTEMPATH\Validation\Validation.php(170): CodeIgniter\Validation\Validation->processRules()
 3 SYSTEMPATH\Controller.php(140): CodeIgniter\Validation\Validation->run()
 4 VENDORPATH\myth\auth\src\Controllers\AuthController.php(164): CodeIgniter\Controller->validate()
 5 SYSTEMPATH\CodeIgniter.php(934): Myth\Auth\Controllers\AuthController->attemptRegister()
 6 SYSTEMPATH\CodeIgniter.php(499): CodeIgniter\CodeIgniter->runController()
 7 SYSTEMPATH\CodeIgniter.php(368): CodeIgniter\CodeIgniter->handleRequest()
 8 FCPATH\index.php(67): CodeIgniter\CodeIgniter->run()
 9 SYSTEMPATH\Commands\Server\rewrite.php(47): require_once('C:\\MAMP\\htdocs\\perpus\\public\\index.php')
INFO - 2023-04-18 18:30:44 --> Session: Class initialized using 'CodeIgniter\Session\Handlers\FileHandler' driver.
ERROR - 2023-04-18 18:30:47 --> Email: sendWithMail throwed ErrorException: mail(): Failed to connect to mailserver at &quot;localhost&quot; port 25, verify your &quot;SMTP&quot; and &quot;smtp_port&quot; setting in php.ini or use ini_set() in C:\MAMP\htdocs\perpus\system\Email\Email.php:1730
Stack trace:
#0 [internal function]: CodeIgniter\Debug\Exceptions->errorHandler()
#1 C:\MAMP\htdocs\perpus\system\Email\Email.php(1730): mail()
#2 C:\MAMP\htdocs\perpus\system\Email\Email.php(1667): CodeIgniter\Email\Email->sendWithMail()
#3 C:\MAMP\htdocs\perpus\system\Email\Email.php(1565): CodeIgniter\Email\Email->spoolEmail()
#4 C:\MAMP\htdocs\perpus\vendor\myth\auth\src\Authentication\Activators\EmailActivator.php(32): CodeIgniter\Email\Email->send()
#5 C:\MAMP\htdocs\perpus\vendor\myth\auth\src\Controllers\AuthController.php(185): Myth\Auth\Authentication\Activators\EmailActivator->send()
#6 C:\MAMP\htdocs\perpus\system\CodeIgniter.php(934): Myth\Auth\Controllers\AuthController->attemptRegister()
#7 C:\MAMP\htdocs\perpus\system\CodeIgniter.php(499): CodeIgniter\CodeIgniter->runController()
#8 C:\MAMP\htdocs\perpus\system\CodeIgniter.php(368): CodeIgniter\CodeIgniter->handleRequest()
#9 C:\MAMP\htdocs\perpus\public\index.php(67): CodeIgniter\CodeIgniter->run()
#10 C:\MAMP\htdocs\perpus\system\Commands\Server\rewrite.php(47): require_once('...')
#11 {main}
ERROR - 2023-04-18 18:30:47 --> Email: Unable to send email using PHP mail(). Your server might not be configured to send mail using this method.
ERROR - 2023-04-18 18:30:47 --> 
INFO - 2023-04-18 18:30:47 --> Session: Class initialized using 'CodeIgniter\Session\Handlers\FileHandler' driver.
INFO - 2023-04-18 18:31:06 --> Session: Class initialized using 'CodeIgniter\Session\Handlers\FileHandler' driver.
INFO - 2023-04-18 18:31:06 --> Session: Class initialized using 'CodeIgniter\Session\Handlers\FileHandler' driver.
INFO - 2023-04-18 18:31:14 --> Session: Class initialized using 'CodeIgniter\Session\Handlers\FileHandler' driver.
INFO - 2023-04-18 18:37:42 --> Session: Class initialized using 'CodeIgniter\Session\Handlers\FileHandler' driver.
INFO - 2023-04-18 18:37:43 --> Session: Class initialized using 'CodeIgniter\Session\Handlers\FileHandler' driver.
INFO - 2023-04-18 18:37:50 --> Session: Class initialized using 'CodeIgniter\Session\Handlers\FileHandler' driver.
INFO - 2023-04-18 18:38:04 --> Session: Class initialized using 'CodeIgniter\Session\Handlers\FileHandler' driver.
INFO - 2023-04-18 18:38:04 --> Session: Class initialized using 'CodeIgniter\Session\Handlers\FileHandler' driver.
INFO - 2023-04-18 18:38:08 --> Session: Class initialized using 'CodeIgniter\Session\Handlers\FileHandler' driver.
INFO - 2023-04-18 18:38:15 --> Session: Class initialized using 'CodeIgniter\Session\Handlers\FileHandler' driver.
ERROR - 2023-04-18 18:38:17 --> Email: sendWithMail throwed ErrorException: mail(): Failed to connect to mailserver at &quot;localhost&quot; port 25, verify your &quot;SMTP&quot; and &quot;smtp_port&quot; setting in php.ini or use ini_set() in C:\MAMP\htdocs\perpus\system\Email\Email.php:1730
Stack trace:
#0 [internal function]: CodeIgniter\Debug\Exceptions->errorHandler()
#1 C:\MAMP\htdocs\perpus\system\Email\Email.php(1730): mail()
#2 C:\MAMP\htdocs\perpus\system\Email\Email.php(1667): CodeIgniter\Email\Email->sendWithMail()
#3 C:\MAMP\htdocs\perpus\system\Email\Email.php(1565): CodeIgniter\Email\Email->spoolEmail()
#4 C:\MAMP\htdocs\perpus\vendor\myth\auth\src\Authentication\Resetters\EmailResetter.php(32): CodeIgniter\Email\Email->send()
#5 C:\MAMP\htdocs\perpus\vendor\myth\auth\src\Controllers\AuthController.php(249): Myth\Auth\Authentication\Resetters\EmailResetter->send()
#6 C:\MAMP\htdocs\perpus\system\CodeIgniter.php(934): Myth\Auth\Controllers\AuthController->attemptForgot()
#7 C:\MAMP\htdocs\perpus\system\CodeIgniter.php(499): CodeIgniter\CodeIgniter->runController()
#8 C:\MAMP\htdocs\perpus\system\CodeIgniter.php(368): CodeIgniter\CodeIgniter->handleRequest()
#9 C:\MAMP\htdocs\perpus\public\index.php(67): CodeIgniter\CodeIgniter->run()
#10 C:\MAMP\htdocs\perpus\system\Commands\Server\rewrite.php(47): require_once('...')
#11 {main}
ERROR - 2023-04-18 18:38:17 --> Email: Unable to send email using PHP mail(). Your server might not be configured to send mail using this method.
ERROR - 2023-04-18 18:38:17 --> 
INFO - 2023-04-18 18:38:17 --> Session: Class initialized using 'CodeIgniter\Session\Handlers\FileHandler' driver.
INFO - 2023-04-18 18:41:15 --> Session: Class initialized using 'CodeIgniter\Session\Handlers\FileHandler' driver.
INFO - 2023-04-18 18:41:16 --> Session: Class initialized using 'CodeIgniter\Session\Handlers\FileHandler' driver.
INFO - 2023-04-18 18:41:21 --> Session: Class initialized using 'CodeIgniter\Session\Handlers\FileHandler' driver.
INFO - 2023-04-18 18:41:46 --> Session: Class initialized using 'CodeIgniter\Session\Handlers\FileHandler' driver.
ERROR - 2023-04-18 18:41:48 --> Email: sendWithMail throwed ErrorException: mail(): Failed to connect to mailserver at &quot;localhost&quot; port 25, verify your &quot;SMTP&quot; and &quot;smtp_port&quot; setting in php.ini or use ini_set() in C:\MAMP\htdocs\perpus\system\Email\Email.php:1735
Stack trace:
#0 [internal function]: CodeIgniter\Debug\Exceptions->errorHandler()
#1 C:\MAMP\htdocs\perpus\system\Email\Email.php(1735): mail()
#2 C:\MAMP\htdocs\perpus\system\Email\Email.php(1667): CodeIgniter\Email\Email->sendWithMail()
#3 C:\MAMP\htdocs\perpus\system\Email\Email.php(1565): CodeIgniter\Email\Email->spoolEmail()
#4 C:\MAMP\htdocs\perpus\vendor\myth\auth\src\Authentication\Activators\EmailActivator.php(32): CodeIgniter\Email\Email->send()
#5 C:\MAMP\htdocs\perpus\vendor\myth\auth\src\Controllers\AuthController.php(185): Myth\Auth\Authentication\Activators\EmailActivator->send()
#6 C:\MAMP\htdocs\perpus\system\CodeIgniter.php(934): Myth\Auth\Controllers\AuthController->attemptRegister()
#7 C:\MAMP\htdocs\perpus\system\CodeIgniter.php(499): CodeIgniter\CodeIgniter->runController()
#8 C:\MAMP\htdocs\perpus\system\CodeIgniter.php(368): CodeIgniter\CodeIgniter->handleRequest()
#9 C:\MAMP\htdocs\perpus\public\index.php(67): CodeIgniter\CodeIgniter->run()
#10 C:\MAMP\htdocs\perpus\system\Commands\Server\rewrite.php(47): require_once('...')
#11 {main}
ERROR - 2023-04-18 18:41:48 --> Email: Unable to send email using PHP mail(). Your server might not be configured to send mail using this method.
ERROR - 2023-04-18 18:41:48 --> 
INFO - 2023-04-18 18:41:49 --> Session: Class initialized using 'CodeIgniter\Session\Handlers\FileHandler' driver.
INFO - 2023-04-18 18:42:14 --> Session: Class initialized using 'CodeIgniter\Session\Handlers\FileHandler' driver.
INFO - 2023-04-18 18:42:26 --> Session: Class initialized using 'CodeIgniter\Session\Handlers\FileHandler' driver.
INFO - 2023-04-18 18:42:26 --> Session: Class initialized using 'CodeIgniter\Session\Handlers\FileHandler' driver.
INFO - 2023-04-18 18:42:28 --> Session: Class initialized using 'CodeIgniter\Session\Handlers\FileHandler' driver.
ERROR - 2023-04-18 18:42:30 --> Email: sendWithMail throwed ErrorException: mail(): Failed to connect to mailserver at &quot;localhost&quot; port 25, verify your &quot;SMTP&quot; and &quot;smtp_port&quot; setting in php.ini or use ini_set() in C:\MAMP\htdocs\perpus\system\Email\Email.php:1735
Stack trace:
#0 [internal function]: CodeIgniter\Debug\Exceptions->errorHandler()
#1 C:\MAMP\htdocs\perpus\system\Email\Email.php(1735): mail()
#2 C:\MAMP\htdocs\perpus\system\Email\Email.php(1667): CodeIgniter\Email\Email->sendWithMail()
#3 C:\MAMP\htdocs\perpus\system\Email\Email.php(1565): CodeIgniter\Email\Email->spoolEmail()
#4 C:\MAMP\htdocs\perpus\vendor\myth\auth\src\Authentication\Activators\EmailActivator.php(32): CodeIgniter\Email\Email->send()
#5 C:\MAMP\htdocs\perpus\vendor\myth\auth\src\Controllers\AuthController.php(400): Myth\Auth\Authentication\Activators\EmailActivator->send()
#6 C:\MAMP\htdocs\perpus\system\CodeIgniter.php(934): Myth\Auth\Controllers\AuthController->resendActivateAccount()
#7 C:\MAMP\htdocs\perpus\system\CodeIgniter.php(499): CodeIgniter\CodeIgniter->runController()
#8 C:\MAMP\htdocs\perpus\system\CodeIgniter.php(368): CodeIgniter\CodeIgniter->handleRequest()
#9 C:\MAMP\htdocs\perpus\public\index.php(67): CodeIgniter\CodeIgniter->run()
#10 C:\MAMP\htdocs\perpus\system\Commands\Server\rewrite.php(47): require_once('...')
#11 {main}
ERROR - 2023-04-18 18:42:30 --> Email: Unable to send email using PHP mail(). Your server might not be configured to send mail using this method.
ERROR - 2023-04-18 18:42:30 --> 
INFO - 2023-04-18 18:42:30 --> Session: Class initialized using 'CodeIgniter\Session\Handlers\FileHandler' driver.
INFO - 2023-04-18 18:42:39 --> Session: Class initialized using 'CodeIgniter\Session\Handlers\FileHandler' driver.
INFO - 2023-04-18 18:42:40 --> Session: Class initialized using 'CodeIgniter\Session\Handlers\FileHandler' driver.
INFO - 2023-04-18 18:42:41 --> Session: Class initialized using 'CodeIgniter\Session\Handlers\FileHandler' driver.
INFO - 2023-04-18 18:42:48 --> Session: Class initialized using 'CodeIgniter\Session\Handlers\FileHandler' driver.
INFO - 2023-04-18 18:42:48 --> Session: Class initialized using 'CodeIgniter\Session\Handlers\FileHandler' driver.
INFO - 2023-04-18 18:42:59 --> Session: Class initialized using 'CodeIgniter\Session\Handlers\FileHandler' driver.
INFO - 2023-04-18 18:43:01 --> Session: Class initialized using 'CodeIgniter\Session\Handlers\FileHandler' driver.
INFO - 2023-04-18 18:43:23 --> Session: Class initialized using 'CodeIgniter\Session\Handlers\FileHandler' driver.
INFO - 2023-04-18 18:43:23 --> Session: Class initialized using 'CodeIgniter\Session\Handlers\FileHandler' driver.
INFO - 2023-04-18 18:43:34 --> Session: Class initialized using 'CodeIgniter\Session\Handlers\FileHandler' driver.
INFO - 2023-04-18 18:43:35 --> Session: Class initialized using 'CodeIgniter\Session\Handlers\FileHandler' driver.
INFO - 2023-04-18 21:48:53 --> Session: Class initialized using 'CodeIgniter\Session\Handlers\FileHandler' driver.
INFO - 2023-04-18 21:49:07 --> Session: Class initialized using 'CodeIgniter\Session\Handlers\FileHandler' driver.
INFO - 2023-04-18 21:49:12 --> Session: Class initialized using 'CodeIgniter\Session\Handlers\FileHandler' driver.
INFO - 2023-04-18 21:49:53 --> Session: Class initialized using 'CodeIgniter\Session\Handlers\FileHandler' driver.
INFO - 2023-04-18 21:49:53 --> Session: Class initialized using 'CodeIgniter\Session\Handlers\FileHandler' driver.
INFO - 2023-04-18 21:50:04 --> Session: Class initialized using 'CodeIgniter\Session\Handlers\FileHandler' driver.
INFO - 2023-04-18 21:50:06 --> Session: Class initialized using 'CodeIgniter\Session\Handlers\FileHandler' driver.
INFO - 2023-04-18 21:50:07 --> Session: Class initialized using 'CodeIgniter\Session\Handlers\FileHandler' driver.
INFO - 2023-04-18 21:50:16 --> Session: Class initialized using 'CodeIgniter\Session\Handlers\FileHandler' driver.
INFO - 2023-04-18 21:50:16 --> Session: Class initialized using 'CodeIgniter\Session\Handlers\FileHandler' driver.
INFO - 2023-04-18 21:54:56 --> Session: Class initialized using 'CodeIgniter\Session\Handlers\FileHandler' driver.
INFO - 2023-04-18 21:54:57 --> Session: Class initialized using 'CodeIgniter\Session\Handlers\FileHandler' driver.
INFO - 2023-04-18 21:54:58 --> Session: Class initialized using 'CodeIgniter\Session\Handlers\FileHandler' driver.
CRITICAL - 2023-04-18 21:54:58 --> Invalid file: "\App\Views\Auth\login.php"
in SYSTEMPATH\Exceptions\FrameworkException.php on line 33.
 1 SYSTEMPATH\View\View.php(201): CodeIgniter\Exceptions\FrameworkException::forInvalidFile()
 2 SYSTEMPATH\Common.php(1184): CodeIgniter\View\View->render()
 3 VENDORPATH\myth\auth\src\Controllers\AuthController.php(412): view()
 4 VENDORPATH\myth\auth\src\Controllers\AuthController.php(58): Myth\Auth\Controllers\AuthController->_render()
 5 SYSTEMPATH\CodeIgniter.php(934): Myth\Auth\Controllers\AuthController->login()
 6 SYSTEMPATH\CodeIgniter.php(499): CodeIgniter\CodeIgniter->runController()
 7 SYSTEMPATH\CodeIgniter.php(368): CodeIgniter\CodeIgniter->handleRequest()
 8 FCPATH\index.php(67): CodeIgniter\CodeIgniter->run()
 9 SYSTEMPATH\Commands\Server\rewrite.php(47): require_once('C:\\MAMP\\htdocs\\perpus\\public\\index.php')
INFO - 2023-04-18 21:55:02 --> Session: Class initialized using 'CodeIgniter\Session\Handlers\FileHandler' driver.
CRITICAL - 2023-04-18 21:55:02 --> Invalid file: "\App\Views\Auth\login.php"
in SYSTEMPATH\Exceptions\FrameworkException.php on line 33.
 1 SYSTEMPATH\View\View.php(201): CodeIgniter\Exceptions\FrameworkException::forInvalidFile()
 2 SYSTEMPATH\Common.php(1184): CodeIgniter\View\View->render()
 3 VENDORPATH\myth\auth\src\Controllers\AuthController.php(412): view()
 4 VENDORPATH\myth\auth\src\Controllers\AuthController.php(58): Myth\Auth\Controllers\AuthController->_render()
 5 SYSTEMPATH\CodeIgniter.php(934): Myth\Auth\Controllers\AuthController->login()
 6 SYSTEMPATH\CodeIgniter.php(499): CodeIgniter\CodeIgniter->runController()
 7 SYSTEMPATH\CodeIgniter.php(368): CodeIgniter\CodeIgniter->handleRequest()
 8 FCPATH\index.php(67): CodeIgniter\CodeIgniter->run()
 9 SYSTEMPATH\Commands\Server\rewrite.php(47): require_once('C:\\MAMP\\htdocs\\perpus\\public\\index.php')
INFO - 2023-04-18 21:55:33 --> Session: Class initialized using 'CodeIgniter\Session\Handlers\FileHandler' driver.
CRITICAL - 2023-04-18 21:55:33 --> Invalid file: "\App\Views\Auth\login.php"
in SYSTEMPATH\Exceptions\FrameworkException.php on line 33.
 1 SYSTEMPATH\View\View.php(201): CodeIgniter\Exceptions\FrameworkException::forInvalidFile()
 2 SYSTEMPATH\Common.php(1184): CodeIgniter\View\View->render()
 3 VENDORPATH\myth\auth\src\Controllers\AuthController.php(412): view()
 4 VENDORPATH\myth\auth\src\Controllers\AuthController.php(58): Myth\Auth\Controllers\AuthController->_render()
 5 SYSTEMPATH\CodeIgniter.php(934): Myth\Auth\Controllers\AuthController->login()
 6 SYSTEMPATH\CodeIgniter.php(499): CodeIgniter\CodeIgniter->runController()
 7 SYSTEMPATH\CodeIgniter.php(368): CodeIgniter\CodeIgniter->handleRequest()
 8 FCPATH\index.php(67): CodeIgniter\CodeIgniter->run()
 9 SYSTEMPATH\Commands\Server\rewrite.php(47): require_once('C:\\MAMP\\htdocs\\perpus\\public\\index.php')
INFO - 2023-04-18 21:55:37 --> Session: Class initialized using 'CodeIgniter\Session\Handlers\FileHandler' driver.
CRITICAL - 2023-04-18 21:55:37 --> Invalid file: "\App\Views\Auth\login.php"
in SYSTEMPATH\Exceptions\FrameworkException.php on line 33.
 1 SYSTEMPATH\View\View.php(201): CodeIgniter\Exceptions\FrameworkException::forInvalidFile()
 2 SYSTEMPATH\Common.php(1184): CodeIgniter\View\View->render()
 3 VENDORPATH\myth\auth\src\Controllers\AuthController.php(412): view()
 4 VENDORPATH\myth\auth\src\Controllers\AuthController.php(58): Myth\Auth\Controllers\AuthController->_render()
 5 SYSTEMPATH\CodeIgniter.php(934): Myth\Auth\Controllers\AuthController->login()
 6 SYSTEMPATH\CodeIgniter.php(499): CodeIgniter\CodeIgniter->runController()
 7 SYSTEMPATH\CodeIgniter.php(368): CodeIgniter\CodeIgniter->handleRequest()
 8 FCPATH\index.php(67): CodeIgniter\CodeIgniter->run()
 9 SYSTEMPATH\Commands\Server\rewrite.php(47): require_once('C:\\MAMP\\htdocs\\perpus\\public\\index.php')
INFO - 2023-04-18 21:55:38 --> Session: Class initialized using 'CodeIgniter\Session\Handlers\FileHandler' driver.
CRITICAL - 2023-04-18 21:55:38 --> Invalid file: "\App\Views\Auth\login.php"
in SYSTEMPATH\Exceptions\FrameworkException.php on line 33.
 1 SYSTEMPATH\View\View.php(201): CodeIgniter\Exceptions\FrameworkException::forInvalidFile()
 2 SYSTEMPATH\Common.php(1184): CodeIgniter\View\View->render()
 3 VENDORPATH\myth\auth\src\Controllers\AuthController.php(412): view()
 4 VENDORPATH\myth\auth\src\Controllers\AuthController.php(58): Myth\Auth\Controllers\AuthController->_render()
 5 SYSTEMPATH\CodeIgniter.php(934): Myth\Auth\Controllers\AuthController->login()
 6 SYSTEMPATH\CodeIgniter.php(499): CodeIgniter\CodeIgniter->runController()
 7 SYSTEMPATH\CodeIgniter.php(368): CodeIgniter\CodeIgniter->handleRequest()
 8 FCPATH\index.php(67): CodeIgniter\CodeIgniter->run()
 9 SYSTEMPATH\Commands\Server\rewrite.php(47): require_once('C:\\MAMP\\htdocs\\perpus\\public\\index.php')
INFO - 2023-04-18 21:55:39 --> Session: Class initialized using 'CodeIgniter\Session\Handlers\FileHandler' driver.
CRITICAL - 2023-04-18 21:55:39 --> Invalid file: "\App\Views\Auth\login.php"
in SYSTEMPATH\Exceptions\FrameworkException.php on line 33.
 1 SYSTEMPATH\View\View.php(201): CodeIgniter\Exceptions\FrameworkException::forInvalidFile()
 2 SYSTEMPATH\Common.php(1184): CodeIgniter\View\View->render()
 3 VENDORPATH\myth\auth\src\Controllers\AuthController.php(412): view()
 4 VENDORPATH\myth\auth\src\Controllers\AuthController.php(58): Myth\Auth\Controllers\AuthController->_render()
 5 SYSTEMPATH\CodeIgniter.php(934): Myth\Auth\Controllers\AuthController->login()
 6 SYSTEMPATH\CodeIgniter.php(499): CodeIgniter\CodeIgniter->runController()
 7 SYSTEMPATH\CodeIgniter.php(368): CodeIgniter\CodeIgniter->handleRequest()
 8 FCPATH\index.php(67): CodeIgniter\CodeIgniter->run()
 9 SYSTEMPATH\Commands\Server\rewrite.php(47): require_once('C:\\MAMP\\htdocs\\perpus\\public\\index.php')
INFO - 2023-04-18 21:55:39 --> Session: Class initialized using 'CodeIgniter\Session\Handlers\FileHandler' driver.
CRITICAL - 2023-04-18 21:55:39 --> Invalid file: "\App\Views\Auth\login.php"
in SYSTEMPATH\Exceptions\FrameworkException.php on line 33.
 1 SYSTEMPATH\View\View.php(201): CodeIgniter\Exceptions\FrameworkException::forInvalidFile()
 2 SYSTEMPATH\Common.php(1184): CodeIgniter\View\View->render()
 3 VENDORPATH\myth\auth\src\Controllers\AuthController.php(412): view()
 4 VENDORPATH\myth\auth\src\Controllers\AuthController.php(58): Myth\Auth\Controllers\AuthController->_render()
 5 SYSTEMPATH\CodeIgniter.php(934): Myth\Auth\Controllers\AuthController->login()
 6 SYSTEMPATH\CodeIgniter.php(499): CodeIgniter\CodeIgniter->runController()
 7 SYSTEMPATH\CodeIgniter.php(368): CodeIgniter\CodeIgniter->handleRequest()
 8 FCPATH\index.php(67): CodeIgniter\CodeIgniter->run()
 9 SYSTEMPATH\Commands\Server\rewrite.php(47): require_once('C:\\MAMP\\htdocs\\perpus\\public\\index.php')
INFO - 2023-04-18 21:55:39 --> Session: Class initialized using 'CodeIgniter\Session\Handlers\FileHandler' driver.
CRITICAL - 2023-04-18 21:55:39 --> Invalid file: "\App\Views\Auth\login.php"
in SYSTEMPATH\Exceptions\FrameworkException.php on line 33.
 1 SYSTEMPATH\View\View.php(201): CodeIgniter\Exceptions\FrameworkException::forInvalidFile()
 2 SYSTEMPATH\Common.php(1184): CodeIgniter\View\View->render()
 3 VENDORPATH\myth\auth\src\Controllers\AuthController.php(412): view()
 4 VENDORPATH\myth\auth\src\Controllers\AuthController.php(58): Myth\Auth\Controllers\AuthController->_render()
 5 SYSTEMPATH\CodeIgniter.php(934): Myth\Auth\Controllers\AuthController->login()
 6 SYSTEMPATH\CodeIgniter.php(499): CodeIgniter\CodeIgniter->runController()
 7 SYSTEMPATH\CodeIgniter.php(368): CodeIgniter\CodeIgniter->handleRequest()
 8 FCPATH\index.php(67): CodeIgniter\CodeIgniter->run()
 9 SYSTEMPATH\Commands\Server\rewrite.php(47): require_once('C:\\MAMP\\htdocs\\perpus\\public\\index.php')
INFO - 2023-04-18 21:55:39 --> Session: Class initialized using 'CodeIgniter\Session\Handlers\FileHandler' driver.
CRITICAL - 2023-04-18 21:55:39 --> Invalid file: "\App\Views\Auth\login.php"
in SYSTEMPATH\Exceptions\FrameworkException.php on line 33.
 1 SYSTEMPATH\View\View.php(201): CodeIgniter\Exceptions\FrameworkException::forInvalidFile()
 2 SYSTEMPATH\Common.php(1184): CodeIgniter\View\View->render()
 3 VENDORPATH\myth\auth\src\Controllers\AuthController.php(412): view()
 4 VENDORPATH\myth\auth\src\Controllers\AuthController.php(58): Myth\Auth\Controllers\AuthController->_render()
 5 SYSTEMPATH\CodeIgniter.php(934): Myth\Auth\Controllers\AuthController->login()
 6 SYSTEMPATH\CodeIgniter.php(499): CodeIgniter\CodeIgniter->runController()
 7 SYSTEMPATH\CodeIgniter.php(368): CodeIgniter\CodeIgniter->handleRequest()
 8 FCPATH\index.php(67): CodeIgniter\CodeIgniter->run()
 9 SYSTEMPATH\Commands\Server\rewrite.php(47): require_once('C:\\MAMP\\htdocs\\perpus\\public\\index.php')
INFO - 2023-04-18 21:55:40 --> Session: Class initialized using 'CodeIgniter\Session\Handlers\FileHandler' driver.
CRITICAL - 2023-04-18 21:55:40 --> Invalid file: "\App\Views\Auth\login.php"
in SYSTEMPATH\Exceptions\FrameworkException.php on line 33.
 1 SYSTEMPATH\View\View.php(201): CodeIgniter\Exceptions\FrameworkException::forInvalidFile()
 2 SYSTEMPATH\Common.php(1184): CodeIgniter\View\View->render()
 3 VENDORPATH\myth\auth\src\Controllers\AuthController.php(412): view()
 4 VENDORPATH\myth\auth\src\Controllers\AuthController.php(58): Myth\Auth\Controllers\AuthController->_render()
 5 SYSTEMPATH\CodeIgniter.php(934): Myth\Auth\Controllers\AuthController->login()
 6 SYSTEMPATH\CodeIgniter.php(499): CodeIgniter\CodeIgniter->runController()
 7 SYSTEMPATH\CodeIgniter.php(368): CodeIgniter\CodeIgniter->handleRequest()
 8 FCPATH\index.php(67): CodeIgniter\CodeIgniter->run()
 9 SYSTEMPATH\Commands\Server\rewrite.php(47): require_once('C:\\MAMP\\htdocs\\perpus\\public\\index.php')
INFO - 2023-04-18 21:55:56 --> Session: Class initialized using 'CodeIgniter\Session\Handlers\FileHandler' driver.
INFO - 2023-04-18 21:55:59 --> Session: Class initialized using 'CodeIgniter\Session\Handlers\FileHandler' driver.
INFO - 2023-04-18 21:56:01 --> Session: Class initialized using 'CodeIgniter\Session\Handlers\FileHandler' driver.
INFO - 2023-04-18 21:56:02 --> Session: Class initialized using 'CodeIgniter\Session\Handlers\FileHandler' driver.
INFO - 2023-04-18 21:56:09 --> Session: Class initialized using 'CodeIgniter\Session\Handlers\FileHandler' driver.
INFO - 2023-04-18 21:56:10 --> Session: Class initialized using 'CodeIgniter\Session\Handlers\FileHandler' driver.
INFO - 2023-04-18 21:56:47 --> Session: Class initialized using 'CodeIgniter\Session\Handlers\FileHandler' driver.
INFO - 2023-04-18 21:57:12 --> Session: Class initialized using 'CodeIgniter\Session\Handlers\FileHandler' driver.
INFO - 2023-04-18 21:57:12 --> Session: Class initialized using 'CodeIgniter\Session\Handlers\FileHandler' driver.
INFO - 2023-04-18 22:01:28 --> Session: Class initialized using 'CodeIgniter\Session\Handlers\FileHandler' driver.
INFO - 2023-04-18 22:01:28 --> Session: Class initialized using 'CodeIgniter\Session\Handlers\FileHandler' driver.
INFO - 2023-04-18 22:01:42 --> Session: Class initialized using 'CodeIgniter\Session\Handlers\FileHandler' driver.
INFO - 2023-04-18 22:01:42 --> Session: Class initialized using 'CodeIgniter\Session\Handlers\FileHandler' driver.
INFO - 2023-04-18 22:01:44 --> Session: Class initialized using 'CodeIgniter\Session\Handlers\FileHandler' driver.
INFO - 2023-04-18 22:01:52 --> Session: Class initialized using 'CodeIgniter\Session\Handlers\FileHandler' driver.
INFO - 2023-04-18 22:01:52 --> Session: Class initialized using 'CodeIgniter\Session\Handlers\FileHandler' driver.
INFO - 2023-04-18 22:01:57 --> Session: Class initialized using 'CodeIgniter\Session\Handlers\FileHandler' driver.
INFO - 2023-04-18 22:02:02 --> Session: Class initialized using 'CodeIgniter\Session\Handlers\FileHandler' driver.
INFO - 2023-04-18 22:02:03 --> Session: Class initialized using 'CodeIgniter\Session\Handlers\FileHandler' driver.
INFO - 2023-04-18 22:04:25 --> Session: Class initialized using 'CodeIgniter\Session\Handlers\FileHandler' driver.
INFO - 2023-04-18 22:05:17 --> Session: Class initialized using 'CodeIgniter\Session\Handlers\FileHandler' driver.
INFO - 2023-04-18 22:05:18 --> Session: Class initialized using 'CodeIgniter\Session\Handlers\FileHandler' driver.
INFO - 2023-04-18 22:12:12 --> Session: Class initialized using 'CodeIgniter\Session\Handlers\FileHandler' driver.
INFO - 2023-04-18 22:12:14 --> Session: Class initialized using 'CodeIgniter\Session\Handlers\FileHandler' driver.
INFO - 2023-04-18 22:12:46 --> Session: Class initialized using 'CodeIgniter\Session\Handlers\FileHandler' driver.
INFO - 2023-04-18 22:12:47 --> Session: Class initialized using 'CodeIgniter\Session\Handlers\FileHandler' driver.
INFO - 2023-04-18 22:13:00 --> Session: Class initialized using 'CodeIgniter\Session\Handlers\FileHandler' driver.
INFO - 2023-04-18 22:13:29 --> Session: Class initialized using 'CodeIgniter\Session\Handlers\FileHandler' driver.
INFO - 2023-04-18 22:13:42 --> Session: Class initialized using 'CodeIgniter\Session\Handlers\FileHandler' driver.
INFO - 2023-04-18 22:13:56 --> Session: Class initialized using 'CodeIgniter\Session\Handlers\FileHandler' driver.
INFO - 2023-04-18 22:13:57 --> Session: Class initialized using 'CodeIgniter\Session\Handlers\FileHandler' driver.
INFO - 2023-04-18 22:13:59 --> Session: Class initialized using 'CodeIgniter\Session\Handlers\FileHandler' driver.
INFO - 2023-04-18 22:14:00 --> Session: Class initialized using 'CodeIgniter\Session\Handlers\FileHandler' driver.
INFO - 2023-04-18 22:14:23 --> Session: Class initialized using 'CodeIgniter\Session\Handlers\FileHandler' driver.
INFO - 2023-04-18 22:15:27 --> Session: Class initialized using 'CodeIgniter\Session\Handlers\FileHandler' driver.
INFO - 2023-04-18 22:15:39 --> Session: Class initialized using 'CodeIgniter\Session\Handlers\FileHandler' driver.
INFO - 2023-04-18 22:15:40 --> Session: Class initialized using 'CodeIgniter\Session\Handlers\FileHandler' driver.
INFO - 2023-04-18 22:15:57 --> Session: Class initialized using 'CodeIgniter\Session\Handlers\FileHandler' driver.
INFO - 2023-04-18 22:16:08 --> Session: Class initialized using 'CodeIgniter\Session\Handlers\FileHandler' driver.
INFO - 2023-04-18 22:16:20 --> Session: Class initialized using 'CodeIgniter\Session\Handlers\FileHandler' driver.
INFO - 2023-04-18 22:16:35 --> Session: Class initialized using 'CodeIgniter\Session\Handlers\FileHandler' driver.
INFO - 2023-04-18 22:16:35 --> Session: Class initialized using 'CodeIgniter\Session\Handlers\FileHandler' driver.
INFO - 2023-04-18 22:17:04 --> Session: Class initialized using 'CodeIgniter\Session\Handlers\FileHandler' driver.
INFO - 2023-04-18 22:17:07 --> Session: Class initialized using 'CodeIgniter\Session\Handlers\FileHandler' driver.
INFO - 2023-04-18 22:17:07 --> Session: Class initialized using 'CodeIgniter\Session\Handlers\FileHandler' driver.
INFO - 2023-04-18 22:17:11 --> Session: Class initialized using 'CodeIgniter\Session\Handlers\FileHandler' driver.
INFO - 2023-04-18 22:17:12 --> Session: Class initialized using 'CodeIgniter\Session\Handlers\FileHandler' driver.
INFO - 2023-04-18 22:17:13 --> Session: Class initialized using 'CodeIgniter\Session\Handlers\FileHandler' driver.
INFO - 2023-04-18 22:17:21 --> Session: Class initialized using 'CodeIgniter\Session\Handlers\FileHandler' driver.
INFO - 2023-04-18 22:17:21 --> Session: Class initialized using 'CodeIgniter\Session\Handlers\FileHandler' driver.
INFO - 2023-04-18 22:18:07 --> Session: Class initialized using 'CodeIgniter\Session\Handlers\FileHandler' driver.
INFO - 2023-04-18 22:18:11 --> Session: Class initialized using 'CodeIgniter\Session\Handlers\FileHandler' driver.
INFO - 2023-04-18 22:18:12 --> Session: Class initialized using 'CodeIgniter\Session\Handlers\FileHandler' driver.
INFO - 2023-04-18 22:18:13 --> Session: Class initialized using 'CodeIgniter\Session\Handlers\FileHandler' driver.
INFO - 2023-04-18 22:18:22 --> Session: Class initialized using 'CodeIgniter\Session\Handlers\FileHandler' driver.
INFO - 2023-04-18 22:18:22 --> Session: Class initialized using 'CodeIgniter\Session\Handlers\FileHandler' driver.
INFO - 2023-04-18 22:18:33 --> Session: Class initialized using 'CodeIgniter\Session\Handlers\FileHandler' driver.
INFO - 2023-04-18 22:19:17 --> Session: Class initialized using 'CodeIgniter\Session\Handlers\FileHandler' driver.
INFO - 2023-04-18 22:19:17 --> Session: Class initialized using 'CodeIgniter\Session\Handlers\FileHandler' driver.
INFO - 2023-04-18 22:19:18 --> Session: Class initialized using 'CodeIgniter\Session\Handlers\FileHandler' driver.
INFO - 2023-04-18 22:19:26 --> Session: Class initialized using 'CodeIgniter\Session\Handlers\FileHandler' driver.
INFO - 2023-04-18 22:19:26 --> Session: Class initialized using 'CodeIgniter\Session\Handlers\FileHandler' driver.
INFO - 2023-04-18 22:21:19 --> Session: Class initialized using 'CodeIgniter\Session\Handlers\FileHandler' driver.
